#
# There is insufficient memory for the Java Runtime Environment to continue.
# Native memory allocation (malloc) failed to allocate 1397328 bytes for Chunk::new
# Possible reasons:
#   The system is out of physical RAM or swap space
#   In 32 bit mode, the process size limit was hit
# Possible solutions:
#   Reduce memory load on the system
#   Increase physical memory or swap space
#   Check if swap backing store is full
#   Use 64 bit Java on a 64 bit OS
#   Decrease Java heap size (-Xmx/-Xms)
#   Decrease number of Java threads
#   Decrease Java thread stack sizes (-Xss)
#   Set larger code cache with -XX:ReservedCodeCacheSize=
# This output file may be truncated or incomplete.
#
#  Out of Memory Error (allocation.cpp:323), pid=5684, tid=5228
#
# JRE version: Java(TM) SE Runtime Environment (7.0_71-b14) (build 1.7.0_71-b14)
# Java VM: Java HotSpot(TM) 64-Bit Server VM (24.71-b01 mixed mode windows-amd64 compressed oops)
# Failed to write core dump. Minidumps are not enabled by default on client versions of Windows
#

---------------  T H R E A D  ---------------

Current thread (0x0000000008cd9800):  JavaThread "C2 CompilerThread1" daemon [_thread_in_native, id=5228, stack(0x000000000a500000,0x000000000a600000)]

Stack: [0x000000000a500000,0x000000000a600000]
[error occurred during error reporting (printing stack bounds), id 0xc0000005]


Current CompileTask:
C2:  21853  962             groovy.lang.MetaClassImpl::applyStrayPropertyMethods (297 bytes)


---------------  P R O C E S S  ---------------

Java Threads: ( => current thread )
  0x000000000be0d800 JavaThread "File lock request listener" [_thread_in_native, id=3284, stack(0x000000000d090000,0x000000000d190000)]
  0x000000000b59d000 JavaThread "Stdin handler" [_thread_blocked, id=2432, stack(0x000000000cb50000,0x000000000cc50000)]
  0x000000000b4b8000 JavaThread "Daemon worker" [_thread_in_native, id=4004, stack(0x000000000cf40000,0x000000000d040000)]
  0x000000000b4ea800 JavaThread "Cancel handler" [_thread_blocked, id=2684, stack(0x000000000ac20000,0x000000000ad20000)]
  0x000000000b312000 JavaThread "Handler for socket connection from /127.0.0.1:49676 to /127.0.0.1:49678" [_thread_in_native, id=5388, stack(0x000000000cd70000,0x000000000ce70000)]
  0x000000000b3bb000 JavaThread "Daemon" [_thread_blocked, id=7124, stack(0x000000000cc50000,0x000000000cd50000)]
  0x000000000b347800 JavaThread "Incoming local TCP Connector on port 49676" [_thread_in_native, id=5556, stack(0x000000000ca20000,0x000000000cb20000)]
  0x0000000008cdf800 JavaThread "Service Thread" daemon [_thread_blocked, id=4284, stack(0x000000000a6f0000,0x000000000a7f0000)]
=>0x0000000008cd9800 JavaThread "C2 CompilerThread1" daemon [_thread_in_native, id=5228, stack(0x000000000a500000,0x000000000a600000)]
  0x0000000008cd7000 JavaThread "C2 CompilerThread0" daemon [_thread_in_native, id=5512, stack(0x0000000009e30000,0x0000000009f30000)]
  0x0000000008cd6000 JavaThread "Attach Listener" daemon [_thread_blocked, id=4160, stack(0x000000000a390000,0x000000000a490000)]
  0x0000000008ccf000 JavaThread "Signal Dispatcher" daemon [_thread_blocked, id=6972, stack(0x0000000009c20000,0x0000000009d20000)]
  0x0000000008c77800 JavaThread "Finalizer" daemon [_thread_blocked, id=1692, stack(0x000000000a190000,0x000000000a290000)]
  0x0000000008c70800 JavaThread "Reference Handler" daemon [_thread_blocked, id=6332, stack(0x0000000009f30000,0x000000000a030000)]
  0x000000000221e000 JavaThread "main" [_thread_blocked, id=3540, stack(0x0000000002610000,0x0000000002710000)]

Other Threads:
  0x0000000008c69000 VMThread [stack: 0x0000000009d20000,0x0000000009e20000] [id=4472]
  0x000000000a7f4000 WatcherThread [stack: 0x000000000ad20000,0x000000000ae20000] [id=1312]

VM state:not at safepoint (normal execution)

VM Mutex/Monitor currently owned by a thread: None

Heap
 PSYoungGen      total 140800K, used 46989K [0x00000000eaa80000, 0x00000000f3f80000, 0x0000000100000000)
  eden space 131072K, 35% used [0x00000000eaa80000,0x00000000ed863640,0x00000000f2a80000)
  from space 9728K, 0% used [0x00000000f3600000,0x00000000f3600000,0x00000000f3f80000)
  to   space 10752K, 0% used [0x00000000f2a80000,0x00000000f2a80000,0x00000000f3500000)
 ParOldGen       total 77312K, used 39971K [0x00000000c0000000, 0x00000000c4b80000, 0x00000000eaa80000)
  object space 77312K, 51% used [0x00000000c0000000,0x00000000c2708f00,0x00000000c4b80000)
 PSPermGen       total 79872K, used 41936K [0x00000000b0000000, 0x00000000b4e00000, 0x00000000c0000000)
  object space 79872K, 52% used [0x00000000b0000000,0x00000000b28f4120,0x00000000b4e00000)

Card table byte_map: [0x0000000005710000,0x00000000059a0000] byte_map_base: 0x0000000005190000

Polling page: 0x0000000000330000

Code Cache  [0x0000000002710000, 0x0000000002b30000, 0x0000000005710000)
 total_blobs=1543 nmethods=907 adapters=588 free_code_cache=45002Kb largest_free_block=46021184

Compilation events (10 events):
Event: 21.487 Thread 0x0000000008cd9800 nmethod 957 0x0000000002b2a890 code [0x0000000002b2aaa0, 0x0000000002b2b7e0]
Event: 21.487 Thread 0x0000000008cd9800  958             org.gradle.model.internal.core.ModelPath::compareTo (12 bytes)
Event: 21.488 Thread 0x0000000008cd9800 nmethod 958 0x0000000002af7610 code [0x0000000002af7740, 0x0000000002af7898]
Event: 21.488 Thread 0x0000000008cd9800  959             org.gradle.model.internal.core.ModelPath::compareTo (9 bytes)
Event: 21.489 Thread 0x0000000008cd9800 nmethod 959 0x0000000002af8ed0 code [0x0000000002af9020, 0x0000000002af9198]
Event: 21.489 Thread 0x0000000008cd9800  960             java.util.LinkedList::size (5 bytes)
Event: 21.489 Thread 0x0000000008cd9800 nmethod 960 0x0000000002af8cd0 code [0x0000000002af8e00, 0x0000000002af8e58]
Event: 21.489 Thread 0x0000000008cd9800  961             com.google.common.reflect.TypeCapture::<init> (5 bytes)
Event: 21.489 Thread 0x0000000008cd9800 nmethod 961 0x0000000002af8ad0 code [0x0000000002af8c00, 0x0000000002af8c58]
Event: 21.489 Thread 0x0000000008cd9800  962             groovy.lang.MetaClassImpl::applyStrayPropertyMethods (297 bytes)

GC Heap History (10 events):
Event: 6.882 GC heap before
{Heap before GC invocations=5 (full 0):
 PSYoungGen      total 68096K, used 68064K [0x00000000eaa80000, 0x00000000eef80000, 0x0000000100000000)
  eden space 65536K, 100% used [0x00000000eaa80000,0x00000000eea80000,0x00000000eea80000)
  from space 2560K, 98% used [0x00000000eed00000,0x00000000eef78020,0x00000000eef80000)
  to   space 2560K, 0% used [0x00000000eea80000,0x00000000eea80000,0x00000000eed00000)
 ParOldGen       total 41984K, used 9013K [0x00000000c0000000, 0x00000000c2900000, 0x00000000eaa80000)
  object space 41984K, 21% used [0x00000000c0000000,0x00000000c08cd430,0x00000000c2900000)
 PSPermGen       total 23552K, used 23523K [0x00000000b0000000, 0x00000000b1700000, 0x00000000c0000000)
  object space 23552K, 99% used [0x00000000b0000000,0x00000000b16f8e78,0x00000000b1700000)
Event: 6.900 GC heap after
Heap after GC invocations=5 (full 0):
 PSYoungGen      total 68096K, used 2528K [0x00000000eaa80000, 0x00000000f4180000, 0x0000000100000000)
  eden space 65536K, 0% used [0x00000000eaa80000,0x00000000eaa80000,0x00000000eea80000)
  from space 2560K, 98% used [0x00000000eea80000,0x00000000eecf8020,0x00000000eed00000)
  to   space 11776K, 0% used [0x00000000f3600000,0x00000000f3600000,0x00000000f4180000)
 ParOldGen       total 41984K, used 16555K [0x00000000c0000000, 0x00000000c2900000, 0x00000000eaa80000)
  object space 41984K, 39% used [0x00000000c0000000,0x00000000c102ae08,0x00000000c2900000)
 PSPermGen       total 23552K, used 23523K [0x00000000b0000000, 0x00000000b1700000, 0x00000000c0000000)
  object space 23552K, 99% used [0x00000000b0000000,0x00000000b16f8e78,0x00000000b1700000)
}
Event: 11.227 GC heap before
{Heap before GC invocations=6 (full 0):
 PSYoungGen      total 68096K, used 68064K [0x00000000eaa80000, 0x00000000f4180000, 0x0000000100000000)
  eden space 65536K, 100% used [0x00000000eaa80000,0x00000000eea80000,0x00000000eea80000)
  from space 2560K, 98% used [0x00000000eea80000,0x00000000eecf8020,0x00000000eed00000)
  to   space 11776K, 0% used [0x00000000f3600000,0x00000000f3600000,0x00000000f4180000)
 ParOldGen       total 41984K, used 16555K [0x00000000c0000000, 0x00000000c2900000, 0x00000000eaa80000)
  object space 41984K, 39% used [0x00000000c0000000,0x00000000c102ae08,0x00000000c2900000)
 PSPermGen       total 26624K, used 26316K [0x00000000b0000000, 0x00000000b1a00000, 0x00000000c0000000)
  object space 26624K, 98% used [0x00000000b0000000,0x00000000b19b3140,0x00000000b1a00000)
Event: 11.242 GC heap after
Heap after GC invocations=6 (full 0):
 PSYoungGen      total 140800K, used 6042K [0x00000000eaa80000, 0x00000000f3f80000, 0x0000000100000000)
  eden space 131072K, 0% used [0x00000000eaa80000,0x00000000eaa80000,0x00000000f2a80000)
  from space 9728K, 62% used [0x00000000f3600000,0x00000000f3be68d0,0x00000000f3f80000)
  to   space 10752K, 0% used [0x00000000f2a80000,0x00000000f2a80000,0x00000000f3500000)
 ParOldGen       total 41984K, used 16627K [0x00000000c0000000, 0x00000000c2900000, 0x00000000eaa80000)
  object space 41984K, 39% used [0x00000000c0000000,0x00000000c103ce18,0x00000000c2900000)
 PSPermGen       total 26624K, used 26316K [0x00000000b0000000, 0x00000000b1a00000, 0x00000000c0000000)
  object space 26624K, 98% used [0x00000000b0000000,0x00000000b19b3140,0x00000000b1a00000)
}
Event: 16.042 GC heap before
{Heap before GC invocations=7 (full 0):
 PSYoungGen      total 140800K, used 137114K [0x00000000eaa80000, 0x00000000f3f80000, 0x0000000100000000)
  eden space 131072K, 100% used [0x00000000eaa80000,0x00000000f2a80000,0x00000000f2a80000)
  from space 9728K, 62% used [0x00000000f3600000,0x00000000f3be68d0,0x00000000f3f80000)
  to   space 10752K, 0% used [0x00000000f2a80000,0x00000000f2a80000,0x00000000f3500000)
 ParOldGen       total 41984K, used 16627K [0x00000000c0000000, 0x00000000c2900000, 0x00000000eaa80000)
  object space 41984K, 39% used [0x00000000c0000000,0x00000000c103ce18,0x00000000c2900000)
 PSPermGen       total 37376K, used 36899K [0x00000000b0000000, 0x00000000b2480000, 0x00000000c0000000)
  object space 37376K, 98% used [0x00000000b0000000,0x00000000b2408cb0,0x00000000b2480000)
Event: 16.077 GC heap after
Heap after GC invocations=7 (full 0):
 PSYoungGen      total 141824K, used 10724K [0x00000000eaa80000, 0x00000000f3f80000, 0x0000000100000000)
  eden space 131072K, 0% used [0x00000000eaa80000,0x00000000eaa80000,0x00000000f2a80000)
  from space 10752K, 99% used [0x00000000f2a80000,0x00000000f34f9168,0x00000000f3500000)
  to   space 9728K, 0% used [0x00000000f3600000,0x00000000f3600000,0x00000000f3f80000)
 ParOldGen       total 41984K, used 23828K [0x00000000c0000000, 0x00000000c2900000, 0x00000000eaa80000)
  object space 41984K, 56% used [0x00000000c0000000,0x00000000c1745170,0x00000000c2900000)
 PSPermGen       total 37376K, used 36899K [0x00000000b0000000, 0x00000000b2480000, 0x00000000c0000000)
  object space 37376K, 98% used [0x00000000b0000000,0x00000000b2408cb0,0x00000000b2480000)
}
Event: 19.368 GC heap before
{Heap before GC invocations=8 (full 0):
 PSYoungGen      total 141824K, used 141796K [0x00000000eaa80000, 0x00000000f3f80000, 0x0000000100000000)
  eden space 131072K, 100% used [0x00000000eaa80000,0x00000000f2a80000,0x00000000f2a80000)
  from space 10752K, 99% used [0x00000000f2a80000,0x00000000f34f9168,0x00000000f3500000)
  to   space 9728K, 0% used [0x00000000f3600000,0x00000000f3600000,0x00000000f3f80000)
 ParOldGen       total 41984K, used 23828K [0x00000000c0000000, 0x00000000c2900000, 0x00000000eaa80000)
  object space 41984K, 56% used [0x00000000c0000000,0x00000000c1745170,0x00000000c2900000)
 PSPermGen       total 39936K, used 39864K [0x00000000b0000000, 0x00000000b2700000, 0x00000000c0000000)
  object space 39936K, 99% used [0x00000000b0000000,0x00000000b26ee3f0,0x00000000b2700000)
Event: 19.615 GC heap after
Heap after GC invocations=8 (full 0):
 PSYoungGen      total 140800K, used 9715K [0x00000000eaa80000, 0x00000000f3f80000, 0x0000000100000000)
  eden space 131072K, 0% used [0x00000000eaa80000,0x00000000eaa80000,0x00000000f2a80000)
  from space 9728K, 99% used [0x00000000f3600000,0x00000000f3f7cf30,0x00000000f3f80000)
  to   space 10752K, 0% used [0x00000000f2a80000,0x00000000f2a80000,0x00000000f3500000)
 ParOldGen       total 41984K, used 35402K [0x00000000c0000000, 0x00000000c2900000, 0x00000000eaa80000)
  object space 41984K, 84% used [0x00000000c0000000,0x00000000c2292b88,0x00000000c2900000)
 PSPermGen       total 39936K, used 39864K [0x00000000b0000000, 0x00000000b2700000, 0x00000000c0000000)
  object space 39936K, 99% used [0x00000000b0000000,0x00000000b26ee3f0,0x00000000b2700000)
}
Event: 19.639 GC heap before
{Heap before GC invocations=9 (full 1):
 PSYoungGen      total 140800K, used 9715K [0x00000000eaa80000, 0x00000000f3f80000, 0x0000000100000000)
  eden space 131072K, 0% used [0x00000000eaa80000,0x00000000eaa80000,0x00000000f2a80000)
  from space 9728K, 99% used [0x00000000f3600000,0x00000000f3f7cf30,0x00000000f3f80000)
  to   space 10752K, 0% used [0x00000000f2a80000,0x00000000f2a80000,0x00000000f3500000)
 ParOldGen       total 41984K, used 35402K [0x00000000c0000000, 0x00000000c2900000, 0x00000000eaa80000)
  object space 41984K, 84% used [0x00000000c0000000,0x00000000c2292b88,0x00000000c2900000)
 PSPermGen       total 39936K, used 39864K [0x00000000b0000000, 0x00000000b2700000, 0x00000000c0000000)
  object space 39936K, 99% used [0x00000000b0000000,0x00000000b26ee3f0,0x00000000b2700000)
Event: 20.091 GC heap after
Heap after GC invocations=9 (full 1):
 PSYoungGen      total 140800K, used 0K [0x00000000eaa80000, 0x00000000f3f80000, 0x0000000100000000)
  eden space 131072K, 0% used [0x00000000eaa80000,0x00000000eaa80000,0x00000000f2a80000)
  from space 9728K, 0% used [0x00000000f3600000,0x00000000f3600000,0x00000000f3f80000)
  to   space 10752K, 0% used [0x00000000f2a80000,0x00000000f2a80000,0x00000000f3500000)
 ParOldGen       total 77312K, used 39971K [0x00000000c0000000, 0x00000000c4b80000, 0x00000000eaa80000)
  object space 77312K, 51% used [0x00000000c0000000,0x00000000c2708f00,0x00000000c4b80000)
 PSPermGen       total 79872K, used 39844K [0x00000000b0000000, 0x00000000b4e00000, 0x00000000c0000000)
  object space 79872K, 49% used [0x00000000b0000000,0x00000000b26e9178,0x00000000b4e00000)
}

Deoptimization events (10 events):
Event: 20.523 Thread 0x000000000b4b8000 Uncommon trap: reason=unreached action=reinterpret pc=0x000000000290219c method=org.gradle.api.internal.ConventionAwareHelper.getConventionValue(Ljava/lang/Object;Ljava/lang/String;Z)Ljava/lang/Object; @ 19
Event: 20.671 Thread 0x000000000b4b8000 Uncommon trap: reason=array_check action=maybe_recompile pc=0x000000000297ddc0 method=java.util.ComparableTimSort.binarySort([Ljava/lang/Object;III)V @ 183
Event: 20.825 Thread 0x000000000b4b8000 Uncommon trap: reason=class_check action=maybe_recompile pc=0x00000000027a498c method=java.util.Hashtable.put(Ljava/lang/Object;Ljava/lang/Object;)Ljava/lang/Object; @ 61
Event: 20.825 Thread 0x000000000b4b8000 Uncommon trap: reason=class_check action=maybe_recompile pc=0x00000000027a498c method=java.util.Hashtable.put(Ljava/lang/Object;Ljava/lang/Object;)Ljava/lang/Object; @ 61
Event: 20.890 Thread 0x000000000b4b8000 Uncommon trap: reason=unreached action=reinterpret pc=0x0000000002950348 method=org.codehaus.groovy.runtime.metaclass.MetaMethodIndex.copyNonPrivateNonNewMetaMethods(Lorg/codehaus/groovy/runtime/metaclass/MetaMethodIndex$Entry;Lorg/codehaus/groovy/runtime/ядVУ5@
Event: 21.118 Thread 0x000000000b4b8000 Uncommon trap: reason=class_check action=maybe_recompile pc=0x0000000002790154 method=java.lang.reflect.Method.equals(Ljava/lang/Object;)Z @ 5
Event: 21.120 Thread 0x000000000b4b8000 Uncommon trap: reason=class_check action=maybe_recompile pc=0x0000000002790154 method=java.lang.reflect.Method.equals(Ljava/lang/Object;)Z @ 5
Event: 21.132 Thread 0x000000000b4b8000 Uncommon trap: reason=class_check action=maybe_recompile pc=0x0000000002790154 method=java.lang.reflect.Method.equals(Ljava/lang/Object;)Z @ 5
Event: 21.132 Thread 0x000000000b4b8000 Uncommon trap: reason=class_check action=maybe_recompile pc=0x0000000002790154 method=java.lang.reflect.Method.equals(Ljava/lang/Object;)Z @ 5
Event: 21.290 Thread 0x000000000b4b8000 Uncommon trap: reason=unreached action=reinterpret pc=0x0000000002a8fc6c method=java.lang.reflect.AccessibleObject.setAccessible0(Ljava/lang/reflect/AccessibleObject;Z)V @ 24

Internal exceptions (10 events):
Event: 21.497 Thread 0x000000000b4b8000 Threw 0x00000000ed62aa28 at C:\re\jdk7u71\1605\hotspot\src\share\vm\prims\jvm.cpp:1281
Event: 21.571 Thread 0x000000000b4b8000 Threw 0x00000000ed632650 at C:\re\jdk7u71\1605\hotspot\src\share\vm\prims\jvm.cpp:1281
Event: 21.572 Thread 0x000000000b4b8000 Threw 0x00000000ed639178 at C:\re\jdk7u71\1605\hotspot\src\share\vm\prims\jvm.cpp:1281
Event: 21.573 Thread 0x000000000b4b8000 Threw 0x00000000ed63d848 at C:\re\jdk7u71\1605\hotspot\src\share\vm\prims\jvm.cpp:1281
Event: 21.573 Thread 0x000000000b4b8000 Threw 0x00000000ed641f68 at C:\re\jdk7u71\1605\hotspot\src\share\vm\prims\jvm.cpp:1281
Event: 21.573 Thread 0x000000000b4b8000 Threw 0x00000000ed645eb8 at C:\re\jdk7u71\1605\hotspot\src\share\vm\prims\jvm.cpp:1281
Event: 21.574 Thread 0x000000000b4b8000 Threw 0x00000000ed649e08 at C:\re\jdk7u71\1605\hotspot\src\share\vm\prims\jvm.cpp:1281
Event: 21.574 Thread 0x000000000b4b8000 Threw 0x00000000ed64e650 at C:\re\jdk7u71\1605\hotspot\src\share\vm\prims\jvm.cpp:1281
Event: 21.575 Thread 0x000000000b4b8000 Threw 0x00000000ed654710 at C:\re\jdk7u71\1605\hotspot\src\share\vm\prims\jvm.cpp:1281
Event: 21.576 Thread 0x000000000b4b8000 Threw 0x00000000ed65dce0 at C:\re\jdk7u71\1605\hotspot\src\share\vm\prims\jvm.cpp:1281

Events (10 events):
Event: 21.573 loading class 0x000000000b2ca320
Event: 21.573 loading class 0x000000000b2ca320 done
Event: 21.574 loading class 0x000000000b2ca360
Event: 21.574 loading class 0x000000000b2ca360 done
Event: 21.574 loading class 0x000000000e0bfca0
Event: 21.574 loading class 0x000000000e0bfca0 done
Event: 21.575 loading class 0x000000000ae4e000
Event: 21.575 loading class 0x000000000ae4e000 done
Event: 21.576 loading class 0x000000000b353530
Event: 21.576 loading class 0x000000000b353530 done


Dynamic libraries:
0x000000013f400000 - 0x000000013f433000 	C:\Program Files\Java\jdk1.7.0_71\bin\java.exe
0x0000000077070000 - 0x000000007721b000 	C:\Windows\SYSTEM32\ntdll.dll
0x0000000076f50000 - 0x000000007706f000 	C:\Windows\system32\kernel32.dll
0x000007fefd0c0000 - 0x000007fefd12b000 	C:\Windows\system32\KERNELBASE.dll
0x000007fefe650000 - 0x000007fefe72b000 	C:\Windows\system32\ADVAPI32.dll
0x000007fefef70000 - 0x000007feff00f000 	C:\Windows\system32\msvcrt.dll
0x000007fefd530000 - 0x000007fefd54f000 	C:\Windows\SYSTEM32\sechost.dll
0x000007fefd5c0000 - 0x000007fefd6ee000 	C:\Windows\system32\RPCRT4.dll
0x0000000076e50000 - 0x0000000076f4a000 	C:\Windows\system32\USER32.dll
0x000007fefd550000 - 0x000007fefd5b7000 	C:\Windows\system32\GDI32.dll
0x000007feff010000 - 0x000007feff01e000 	C:\Windows\system32\LPK.dll
0x000007fefeea0000 - 0x000007fefef6a000 	C:\Windows\system32\USP10.dll
0x000007fefb690000 - 0x000007fefb884000 	C:\Windows\WinSxS\amd64_microsoft.windows.common-controls_6595b64144ccf1df_6.0.7600.16385_none_fa645303170382f6\COMCTL32.dll
0x000007feff020000 - 0x000007feff091000 	C:\Windows\system32\SHLWAPI.dll
0x000007fefea00000 - 0x000007fefea2e000 	C:\Windows\system32\IMM32.DLL
0x000007fefd3a0000 - 0x000007fefd4a9000 	C:\Windows\system32\MSCTF.dll
0x000000005fc60000 - 0x000000005fd32000 	C:\Program Files\Java\jdk1.7.0_71\jre\bin\msvcr100.dll
0x0000000058b90000 - 0x0000000059363000 	C:\Program Files\Java\jdk1.7.0_71\jre\bin\server\jvm.dll
0x000007fef5e00000 - 0x000007fef5e09000 	C:\Windows\system32\WSOCK32.dll
0x000007fefe7d0000 - 0x000007fefe81d000 	C:\Windows\system32\WS2_32.dll
0x000007feff220000 - 0x000007feff228000 	C:\Windows\system32\NSI.dll
0x000007fefaa00000 - 0x000007fefaa3b000 	C:\Windows\system32\WINMM.dll
0x0000000077240000 - 0x0000000077247000 	C:\Windows\system32\PSAPI.DLL
0x000000006f130000 - 0x000000006f13f000 	C:\Program Files\Java\jdk1.7.0_71\jre\bin\verify.dll
0x0000000060db0000 - 0x0000000060dd8000 	C:\Program Files\Java\jdk1.7.0_71\jre\bin\java.dll
0x0000000060d90000 - 0x0000000060da5000 	C:\Program Files\Java\jdk1.7.0_71\jre\bin\zip.dll
0x000000006d5b0000 - 0x000000006d5c9000 	C:\Program Files\Java\jdk1.7.0_71\jre\bin\net.dll
0x000007fefc840000 - 0x000007fefc894000 	C:\Windows\system32\mswsock.dll
0x000007fefc830000 - 0x000007fefc837000 	C:\Windows\System32\wship6.dll
0x0000000060d70000 - 0x0000000060d81000 	C:\Program Files\Java\jdk1.7.0_71\jre\bin\nio.dll
0x000007fef0e30000 - 0x000007fef0e42000 	C:\Users\Poltavets\.gradle\native\19\windows-amd64\native-platform.dll
0x000007fefb5c0000 - 0x000007fefb5e7000 	C:\Windows\system32\IPHLPAPI.DLL
0x000007fefb5b0000 - 0x000007fefb5bb000 	C:\Windows\system32\WINNSI.DLL
0x000007fefb3c0000 - 0x000007fefb3d8000 	C:\Windows\system32\dhcpcsvc.DLL
0x000007fefb3a0000 - 0x000007fefb3b1000 	C:\Windows\system32\dhcpcsvc6.DLL
0x000007fefc8a0000 - 0x000007fefc8b7000 	C:\Windows\system32\CRYPTSP.dll
0x000007fefc5a0000 - 0x000007fefc5e7000 	C:\Windows\system32\rsaenh.dll
0x000007fefc320000 - 0x000007fefc33e000 	C:\Windows\system32\USERENV.dll
0x000007fefcfd0000 - 0x000007fefcfdf000 	C:\Windows\system32\profapi.dll
0x000007fefcf00000 - 0x000007fefcf0f000 	C:\Windows\system32\CRYPTBASE.dll
0x000007fefcea0000 - 0x000007fefcef7000 	C:\Windows\system32\apphelp.dll
0x000000006f400000 - 0x000000006f40b000 	C:\Program Files\Java\jdk1.7.0_71\jre\bin\management.dll

VM Arguments:
jvm_args: -XX:MaxPermSize=256m -XX:+HeapDumpOnOutOfMemoryError -Xmx1024m -Dfile.encoding=windows-1251 -Duser.country=RU -Duser.language=ru -Duser.variant 
java_command: org.gradle.launcher.daemon.bootstrap.GradleDaemon 2.10
Launcher Type: SUN_STANDARD

Environment Variables:
JAVA_HOME=C:\Program Files\Java\jdk1.7.0_71
CLASSPATH=.;C:\Program Files (x86)\QuickTime\QTSystem\QTJava.zip
PATH=C:\Program Files (x86)\Embarcadero\Studio\16.0\bin;C:\Users\Public\Documents\Embarcadero\Studio\16.0\Bpl;C:\Program Files (x86)\Embarcadero\Studio\16.0\bin64;C:\Users\Public\Documents\Embarcadero\Studio\16.0\Bpl\Win64;C:\ProgramData\Oracle\Java\javapath;C:\Program Files (x86)\NVIDIA Corporation\PhysX\Common;C:\Windows\system32;C:\Windows;C:\Windows\System32\Wbem;C:\Windows\System32\WindowsPowerShell\v1.0\;C:\Program Files\Microsoft\Web Platform Installer\;C:\Program Files (x86)\Microsoft ASP.NET\ASP.NET Web Pages\v1.0\;C:\Program Files\Microsoft SQL Server\110\Tools\Binn\;C:\Program Files (x86)\Microsoft SQL Server\100\Tools\Binn\;C:\Program Files\Microsoft SQL Server\100\Tools\Binn\;C:\Program Files\Microsoft SQL Server\100\DTS\Binn\;C:\Program Files (x86)\QuickTime\QTSystem\;C:\Program Files (x86)\Skype\Phone\
USERNAME=Poltavets
OS=Windows_NT
PROCESSOR_IDENTIFIER=Intel64 Family 6 Model 37 Stepping 5, GenuineIntel



---------------  S Y S T E M  ---------------

OS: Windows 7 , 64 bit Build 7600 Service Pack 0A, v.1

CPU:total 4 (2 cores per cpu, 2 threads per core) family 6 model 37 stepping 5, cmov, cx8, fxsr, mmx, sse, sse2, sse3, ssse3, sse4.1, sse4.2, popcnt, ht, tsc, tscinvbit

Memory: 4k page, physical 4053864k(238680k free), swap 5296464k(20664k free)

vm_info: Java HotSpot(TM) 64-Bit Server VM (24.71-b01) for windows-amd64 JRE (1.7.0_71-b14), built on Sep 26 2014 16:16:12 by "java_re" with unknown MS VC++:1600

time: Sat May 28 12:26:02 2016
elapsed time: 21 seconds

