#
# There is insufficient memory for the Java Runtime Environment to continue.
# Native memory allocation (malloc) failed to allocate 65552 bytes for Chunk::new
# Possible reasons:
#   The system is out of physical RAM or swap space
#   In 32 bit mode, the process size limit was hit
# Possible solutions:
#   Reduce memory load on the system
#   Increase physical memory or swap space
#   Check if swap backing store is full
#   Use 64 bit Java on a 64 bit OS
#   Decrease Java heap size (-Xmx/-Xms)
#   Decrease number of Java threads
#   Decrease Java thread stack sizes (-Xss)
#   Set larger code cache with -XX:ReservedCodeCacheSize=
# This output file may be truncated or incomplete.
#
#  Out of Memory Error (allocation.cpp:323), pid=4456, tid=3224
#
# JRE version: Java(TM) SE Runtime Environment (7.0_71-b14) (build 1.7.0_71-b14)
# Java VM: Java HotSpot(TM) 64-Bit Server VM (24.71-b01 mixed mode windows-amd64 compressed oops)
# Failed to write core dump. Minidumps are not enabled by default on client versions of Windows
#

---------------  T H R E A D  ---------------

Current thread (0x0000000008b7c000):  JavaThread "C2 CompilerThread1" daemon [_thread_in_native, id=3224, stack(0x000000000a6f0000,0x000000000a7f0000)]

Stack: [0x000000000a6f0000,0x000000000a7f0000]
[error occurred during error reporting (printing stack bounds), id 0xc0000005]


Current CompileTask:
C2:  37390  895             org.gradle.api.internal.AbstractClassGenerator::inspectType (422 bytes)


---------------  P R O C E S S  ---------------

Java Threads: ( => current thread )
  0x000000000bc68000 JavaThread "File lock request listener" [_thread_in_native, id=5244, stack(0x000000000d3e0000,0x000000000d4e0000)]
  0x000000000b384800 JavaThread "Stdin handler" [_thread_blocked, id=2704, stack(0x000000000d1c0000,0x000000000d2c0000)]
  0x000000000b02c800 JavaThread "Daemon worker" [_thread_in_native, id=6840, stack(0x000000000d020000,0x000000000d120000)]
  0x000000000b1cb000 JavaThread "Cancel handler" [_thread_blocked, id=5304, stack(0x000000000cdd0000,0x000000000ced0000)]
  0x000000000bc88000 JavaThread "Handler for socket connection from /127.0.0.1:49519 to /127.0.0.1:49521" [_thread_in_native, id=3792, stack(0x000000000cae0000,0x000000000cbe0000)]
  0x000000000bec9000 JavaThread "Daemon" [_thread_blocked, id=5188, stack(0x000000000cc50000,0x000000000cd50000)]
  0x000000000bf26000 JavaThread "Incoming local TCP Connector on port 49519" [_thread_in_native, id=1064, stack(0x000000000c9b0000,0x000000000cab0000)]
  0x0000000008b7e000 JavaThread "Service Thread" daemon [_thread_blocked, id=1500, stack(0x0000000009fd0000,0x000000000a0d0000)]
=>0x0000000008b7c000 JavaThread "C2 CompilerThread1" daemon [_thread_in_native, id=3224, stack(0x000000000a6f0000,0x000000000a7f0000)]
  0x0000000008b67800 JavaThread "C2 CompilerThread0" daemon [_thread_in_native, id=5156, stack(0x000000000a420000,0x000000000a520000)]
  0x0000000008b66000 JavaThread "Attach Listener" daemon [_thread_blocked, id=1860, stack(0x000000000a2c0000,0x000000000a3c0000)]
  0x0000000008b5f000 JavaThread "Signal Dispatcher" daemon [_thread_blocked, id=340, stack(0x0000000009d80000,0x0000000009e80000)]
  0x0000000008b07800 JavaThread "Finalizer" daemon [_thread_blocked, id=3360, stack(0x000000000a0e0000,0x000000000a1e0000)]
  0x0000000008b00800 JavaThread "Reference Handler" daemon [_thread_blocked, id=2708, stack(0x0000000009ed0000,0x0000000009fd0000)]
  0x000000000222e000 JavaThread "main" [_thread_blocked, id=1192, stack(0x00000000023d0000,0x00000000024d0000)]

Other Threads:
  0x0000000008af9000 VMThread [stack: 0x0000000009c00000,0x0000000009d00000] [id=864]
  0x0000000008b7f000 WatcherThread [stack: 0x000000000a5f0000,0x000000000a6f0000] [id=3116]

VM state:not at safepoint (normal execution)

VM Mutex/Monitor currently owned by a thread: None

Heap
 PSYoungGen      total 66048K, used 32436K [0x00000000eaa80000, 0x00000000f1480000, 0x0000000100000000)
  eden space 56320K, 49% used [0x00000000eaa80000,0x00000000ec586f58,0x00000000ee180000)
  from space 9728K, 48% used [0x00000000ee180000,0x00000000ee6262b0,0x00000000eeb00000)
  to   space 9216K, 0% used [0x00000000f0b80000,0x00000000f0b80000,0x00000000f1480000)
 ParOldGen       total 41984K, used 24543K [0x00000000c0000000, 0x00000000c2900000, 0x00000000eaa80000)
  object space 41984K, 58% used [0x00000000c0000000,0x00000000c17f7df0,0x00000000c2900000)
 PSPermGen       total 40448K, used 40130K [0x00000000b0000000, 0x00000000b2780000, 0x00000000c0000000)
  object space 40448K, 99% used [0x00000000b0000000,0x00000000b2730bf0,0x00000000b2780000)

Card table byte_map: [0x0000000005590000,0x0000000005820000] byte_map_base: 0x0000000005010000

Polling page: 0x0000000000240000

Code Cache  [0x00000000024d0000, 0x00000000028a0000, 0x00000000054d0000)
 total_blobs=1474 nmethods=839 adapters=587 free_code_cache=45378Kb largest_free_block=46388736

Compilation events (10 events):
Event: 35.907 Thread 0x0000000008b7c000 nmethod 890 0x0000000002874a90 code [0x0000000002874bc0, 0x0000000002874c58]
Event: 35.907 Thread 0x0000000008b7c000  891             groovy.lang.MetaProperty::<init> (15 bytes)
Event: 35.908 Thread 0x0000000008b7c000 nmethod 891 0x0000000002874890 code [0x00000000028749c0, 0x0000000002874a38]
Event: 36.817 Thread 0x0000000008b7c000  892   !         sun.misc.Resource::getBytes (242 bytes)
Event: 36.848 Thread 0x0000000008b7c000 nmethod 892 0x000000000286fc10 code [0x000000000286fe20, 0x0000000002870b90]
Event: 36.849 Thread 0x0000000008b7c000  893             java.util.ComparableTimSort::binarySort (223 bytes)
Event: 36.857 Thread 0x0000000008b7c000 nmethod 893 0x000000000286efd0 code [0x000000000286f140, 0x000000000286f7a8]
Event: 37.143 Thread 0x0000000008b7c000  894             org.gradle.internal.reflect.ClassInspector::inspectClass (273 bytes)
Event: 37.282 Thread 0x0000000008b7c000 nmethod 894 0x000000000288cd50 code [0x000000000288d260, 0x000000000288f7a0]
Event: 37.288 Thread 0x0000000008b7c000  895             org.gradle.api.internal.AbstractClassGenerator::inspectType (422 bytes)

GC Heap History (10 events):
Event: 15.437 GC heap before
{Heap before GC invocations=9 (full 0):
 PSYoungGen      total 73216K, used 71844K [0x00000000eaa80000, 0x00000000efb80000, 0x0000000100000000)
  eden space 65024K, 100% used [0x00000000eaa80000,0x00000000eea00000,0x00000000eea00000)
  from space 8192K, 83% used [0x00000000ef280000,0x00000000ef9290b8,0x00000000efa80000)
  to   space 8704K, 0% used [0x00000000eea00000,0x00000000eea00000,0x00000000ef280000)
 ParOldGen       total 41984K, used 9374K [0x00000000c0000000, 0x00000000c2900000, 0x00000000eaa80000)
  object space 41984K, 22% used [0x00000000c0000000,0x00000000c0927b68,0x00000000c2900000)
 PSPermGen       total 26624K, used 26300K [0x00000000b0000000, 0x00000000b1a00000, 0x00000000c0000000)
  object space 26624K, 98% used [0x00000000b0000000,0x00000000b19af078,0x00000000b1a00000)
Event: 15.456 GC heap after
Heap after GC invocations=9 (full 0):
 PSYoungGen      total 68608K, used 5800K [0x00000000eaa80000, 0x00000000ef880000, 0x0000000100000000)
  eden space 62464K, 0% used [0x00000000eaa80000,0x00000000eaa80000,0x00000000ee780000)
  from space 6144K, 94% used [0x00000000eea00000,0x00000000eefaa270,0x00000000ef000000)
  to   space 8704K, 0% used [0x00000000ef000000,0x00000000ef000000,0x00000000ef880000)
 ParOldGen       total 41984K, used 11043K [0x00000000c0000000, 0x00000000c2900000, 0x00000000eaa80000)
  object space 41984K, 26% used [0x00000000c0000000,0x00000000c0ac8ec8,0x00000000c2900000)
 PSPermGen       total 26624K, used 26300K [0x00000000b0000000, 0x00000000b1a00000, 0x00000000c0000000)
  object space 26624K, 98% used [0x00000000b0000000,0x00000000b19af078,0x00000000b1a00000)
}
Event: 19.867 GC heap before
{Heap before GC invocations=10 (full 0):
 PSYoungGen      total 68608K, used 68264K [0x00000000eaa80000, 0x00000000ef880000, 0x0000000100000000)
  eden space 62464K, 100% used [0x00000000eaa80000,0x00000000ee780000,0x00000000ee780000)
  from space 6144K, 94% used [0x00000000eea00000,0x00000000eefaa270,0x00000000ef000000)
  to   space 8704K, 0% used [0x00000000ef000000,0x00000000ef000000,0x00000000ef880000)
 ParOldGen       total 41984K, used 11043K [0x00000000c0000000, 0x00000000c2900000, 0x00000000eaa80000)
  object space 41984K, 26% used [0x00000000c0000000,0x00000000c0ac8ec8,0x00000000c2900000)
 PSPermGen       total 30208K, used 29987K [0x00000000b0000000, 0x00000000b1d80000, 0x00000000c0000000)
  object space 30208K, 99% used [0x00000000b0000000,0x00000000b1d48c68,0x00000000b1d80000)
Event: 19.882 GC heap after
Heap after GC invocations=10 (full 0):
 PSYoungGen      total 67072K, used 6120K [0x00000000eaa80000, 0x00000000ef680000, 0x0000000100000000)
  eden space 60416K, 0% used [0x00000000eaa80000,0x00000000eaa80000,0x00000000ee580000)
  from space 6656K, 91% used [0x00000000ef000000,0x00000000ef5fa0f0,0x00000000ef680000)
  to   space 8704K, 0% used [0x00000000ee580000,0x00000000ee580000,0x00000000eee00000)
 ParOldGen       total 41984K, used 13711K [0x00000000c0000000, 0x00000000c2900000, 0x00000000eaa80000)
  object space 41984K, 32% used [0x00000000c0000000,0x00000000c0d63ed8,0x00000000c2900000)
 PSPermGen       total 30208K, used 29987K [0x00000000b0000000, 0x00000000b1d80000, 0x00000000c0000000)
  object space 30208K, 99% used [0x00000000b0000000,0x00000000b1d48c68,0x00000000b1d80000)
}
Event: 23.947 GC heap before
{Heap before GC invocations=11 (full 0):
 PSYoungGen      total 67072K, used 66536K [0x00000000eaa80000, 0x00000000ef680000, 0x0000000100000000)
  eden space 60416K, 100% used [0x00000000eaa80000,0x00000000ee580000,0x00000000ee580000)
  from space 6656K, 91% used [0x00000000ef000000,0x00000000ef5fa0f0,0x00000000ef680000)
  to   space 8704K, 0% used [0x00000000ee580000,0x00000000ee580000,0x00000000eee00000)
 ParOldGen       total 41984K, used 13711K [0x00000000c0000000, 0x00000000c2900000, 0x00000000eaa80000)
  object space 41984K, 32% used [0x00000000c0000000,0x00000000c0d63ed8,0x00000000c2900000)
 PSPermGen       total 37376K, used 36884K [0x00000000b0000000, 0x00000000b2480000, 0x00000000c0000000)
  object space 37376K, 98% used [0x00000000b0000000,0x00000000b2405370,0x00000000b2480000)
Event: 23.966 GC heap after
Heap after GC invocations=11 (full 0):
 PSYoungGen      total 67072K, used 8630K [0x00000000eaa80000, 0x00000000ef680000, 0x0000000100000000)
  eden space 58368K, 0% used [0x00000000eaa80000,0x00000000eaa80000,0x00000000ee380000)
  from space 8704K, 99% used [0x00000000ee580000,0x00000000eededbe8,0x00000000eee00000)
  to   space 8704K, 0% used [0x00000000eee00000,0x00000000eee00000,0x00000000ef680000)
 ParOldGen       total 41984K, used 16987K [0x00000000c0000000, 0x00000000c2900000, 0x00000000eaa80000)
  object space 41984K, 40% used [0x00000000c0000000,0x00000000c1096f28,0x00000000c2900000)
 PSPermGen       total 37376K, used 36884K [0x00000000b0000000, 0x00000000b2480000, 0x00000000c0000000)
  object space 37376K, 98% used [0x00000000b0000000,0x00000000b2405370,0x00000000b2480000)
}
Event: 28.403 GC heap before
{Heap before GC invocations=12 (full 0):
 PSYoungGen      total 67072K, used 66998K [0x00000000eaa80000, 0x00000000ef680000, 0x0000000100000000)
  eden space 58368K, 100% used [0x00000000eaa80000,0x00000000ee380000,0x00000000ee380000)
  from space 8704K, 99% used [0x00000000ee580000,0x00000000eededbe8,0x00000000eee00000)
  to   space 8704K, 0% used [0x00000000eee00000,0x00000000eee00000,0x00000000ef680000)
 ParOldGen       total 41984K, used 16987K [0x00000000c0000000, 0x00000000c2900000, 0x00000000eaa80000)
  object space 41984K, 40% used [0x00000000c0000000,0x00000000c1096f28,0x00000000c2900000)
 PSPermGen       total 37888K, used 37859K [0x00000000b0000000, 0x00000000b2500000, 0x00000000c0000000)
  object space 37888K, 99% used [0x00000000b0000000,0x00000000b24f8d98,0x00000000b2500000)
Event: 28.423 GC heap after
Heap after GC invocations=12 (full 0):
 PSYoungGen      total 62976K, used 4099K [0x00000000eaa80000, 0x00000000ef480000, 0x0000000100000000)
  eden space 56320K, 0% used [0x00000000eaa80000,0x00000000eaa80000,0x00000000ee180000)
  from space 6656K, 61% used [0x00000000eee00000,0x00000000ef200db8,0x00000000ef480000)
  to   space 9728K, 0% used [0x00000000ee180000,0x00000000ee180000,0x00000000eeb00000)
 ParOldGen       total 41984K, used 23060K [0x00000000c0000000, 0x00000000c2900000, 0x00000000eaa80000)
  object space 41984K, 54% used [0x00000000c0000000,0x00000000c16850a8,0x00000000c2900000)
 PSPermGen       total 37888K, used 37859K [0x00000000b0000000, 0x00000000b2500000, 0x00000000c0000000)
  object space 37888K, 99% used [0x00000000b0000000,0x00000000b24f8d98,0x00000000b2500000)
}
Event: 31.599 GC heap before
{Heap before GC invocations=13 (full 0):
 PSYoungGen      total 62976K, used 60419K [0x00000000eaa80000, 0x00000000ef480000, 0x0000000100000000)
  eden space 56320K, 100% used [0x00000000eaa80000,0x00000000ee180000,0x00000000ee180000)
  from space 6656K, 61% used [0x00000000eee00000,0x00000000ef200db8,0x00000000ef480000)
  to   space 9728K, 0% used [0x00000000ee180000,0x00000000ee180000,0x00000000eeb00000)
 ParOldGen       total 41984K, used 23060K [0x00000000c0000000, 0x00000000c2900000, 0x00000000eaa80000)
  object space 41984K, 54% used [0x00000000c0000000,0x00000000c16850a8,0x00000000c2900000)
 PSPermGen       total 38912K, used 38909K [0x00000000b0000000, 0x00000000b2600000, 0x00000000c0000000)
  object space 38912K, 99% used [0x00000000b0000000,0x00000000b25ff778,0x00000000b2600000)
Event: 31.714 GC heap after
Heap after GC invocations=13 (full 0):
 PSYoungGen      total 66048K, used 4760K [0x00000000eaa80000, 0x00000000f1480000, 0x0000000100000000)
  eden space 56320K, 0% used [0x00000000eaa80000,0x00000000eaa80000,0x00000000ee180000)
  from space 9728K, 48% used [0x00000000ee180000,0x00000000ee6262b0,0x00000000eeb00000)
  to   space 9216K, 0% used [0x00000000f0b80000,0x00000000f0b80000,0x00000000f1480000)
 ParOldGen       total 41984K, used 24543K [0x00000000c0000000, 0x00000000c2900000, 0x00000000eaa80000)
  object space 41984K, 58% used [0x00000000c0000000,0x00000000c17f7df0,0x00000000c2900000)
 PSPermGen       total 38912K, used 38909K [0x00000000b0000000, 0x00000000b2600000, 0x00000000c0000000)
  object space 38912K, 99% used [0x00000000b0000000,0x00000000b25ff778,0x00000000b2600000)
}

Deoptimization events (10 events):
Event: 31.792 Thread 0x000000000b02c800 Uncommon trap: reason=array_check action=maybe_recompile pc=0x00000000027b5ba8 method=java.util.TimSort.binarySort([Ljava/lang/Object;IIILjava/util/Comparator;)V @ 183
Event: 31.887 Thread 0x000000000b02c800 Uncommon trap: reason=null_check action=make_not_entrant pc=0x0000000002836258 method=sun.reflect.Reflection.filterMethods(Ljava/lang/Class;[Ljava/lang/reflect/Method;)[Ljava/lang/reflect/Method; @ 18
Event: 31.906 Thread 0x000000000b02c800 Uncommon trap: reason=array_check action=maybe_recompile pc=0x000000000283202c method=java.util.ComparableTimSort.binarySort([Ljava/lang/Object;III)V @ 183
Event: 31.908 Thread 0x000000000b02c800 Uncommon trap: reason=array_check action=maybe_recompile pc=0x000000000283202c method=java.util.ComparableTimSort.binarySort([Ljava/lang/Object;III)V @ 183
Event: 31.911 Thread 0x000000000b02c800 Uncommon trap: reason=array_check action=maybe_recompile pc=0x000000000283202c method=java.util.ComparableTimSort.binarySort([Ljava/lang/Object;III)V @ 183
Event: 31.912 Thread 0x000000000b02c800 Uncommon trap: reason=array_check action=maybe_recompile pc=0x000000000283202c method=java.util.ComparableTimSort.binarySort([Ljava/lang/Object;III)V @ 183
Event: 32.603 Thread 0x000000000b02c800 Uncommon trap: reason=bimorphic action=maybe_recompile pc=0x0000000002728698 method=java.util.HashMap$KeySet.iterator()Ljava/util/Iterator; @ 4
Event: 35.432 Thread 0x000000000b02c800 Uncommon trap: reason=null_check action=make_not_entrant pc=0x0000000002847dd4 method=org.gradle.api.internal.AbstractClassGenerator$ClassMetaData.property(Ljava/lang/String;)Lorg/gradle/api/internal/AbstractClassGenerator$PropertyMetaData; @ 10
Event: 35.459 Thread 0x000000000b02c800 Uncommon trap: reason=null_check action=make_not_entrant pc=0x000000000282d7d8 method=com.sun.beans.WeakCache.get(Ljava/lang/Object;)Ljava/lang/Object; @ 10
Event: 36.856 Thread 0x000000000b02c800 Uncommon trap: reason=null_check action=make_not_entrant pc=0x000000000287c598 method=java.beans.PropertyDescriptor.setReadMethod(Ljava/lang/reflect/Method;)V @ 60

Internal exceptions (10 events):
Event: 37.141 Thread 0x000000000b02c800 Threw 0x00000000ec3cdb38 at C:\re\jdk7u71\1605\hotspot\src\share\vm\prims\jvm.cpp:1281
Event: 37.153 Thread 0x000000000b02c800 Threw 0x00000000ec429830 at C:\re\jdk7u71\1605\hotspot\src\share\vm\prims\jvm.cpp:1281
Event: 37.154 Thread 0x000000000b02c800 Threw 0x00000000ec42f9e0 at C:\re\jdk7u71\1605\hotspot\src\share\vm\prims\jvm.cpp:1281
Event: 37.283 Thread 0x000000000b02c800 Threw 0x00000000ec4342f0 at C:\re\jdk7u71\1605\hotspot\src\share\vm\prims\jvm.cpp:1281
Event: 37.285 Thread 0x000000000b02c800 Threw 0x00000000ec4393d8 at C:\re\jdk7u71\1605\hotspot\src\share\vm\prims\jvm.cpp:1281
Event: 37.286 Thread 0x000000000b02c800 Threw 0x00000000ec43ded0 at C:\re\jdk7u71\1605\hotspot\src\share\vm\prims\jvm.cpp:1281
Event: 37.286 Thread 0x000000000b02c800 Threw 0x00000000ec442868 at C:\re\jdk7u71\1605\hotspot\src\share\vm\prims\jvm.cpp:1281
Event: 37.287 Thread 0x000000000b02c800 Threw 0x00000000ec4466c8 at C:\re\jdk7u71\1605\hotspot\src\share\vm\prims\jvm.cpp:1281
Event: 37.312 Thread 0x000000000b02c800 Threw 0x00000000ec4cbaf8 at C:\re\jdk7u71\1605\hotspot\src\share\vm\prims\jvm.cpp:1281
Event: 37.326 Thread 0x000000000b02c800 Threw 0x00000000ec4d0498 at C:\re\jdk7u71\1605\hotspot\src\share\vm\prims\jvm.cpp:1281

Events (10 events):
Event: 37.285 loading class 0x000000000c144920
Event: 37.285 loading class 0x000000000c144920 done
Event: 37.286 loading class 0x000000000a8e8170
Event: 37.286 loading class 0x000000000a8e8170 done
Event: 37.287 loading class 0x000000000c1b1410
Event: 37.287 loading class 0x000000000c1b1410 done
Event: 37.312 loading class 0x000000000c291c30
Event: 37.312 loading class 0x000000000c291c30 done
Event: 37.326 loading class 0x000000000c1b1500
Event: 37.326 loading class 0x000000000c1b1500 done


Dynamic libraries:
0x000000013f670000 - 0x000000013f6a3000 	C:\Program Files\Java\jdk1.7.0_71\bin\java.exe
0x0000000077070000 - 0x000000007721b000 	C:\Windows\SYSTEM32\ntdll.dll
0x0000000076f50000 - 0x000000007706f000 	C:\Windows\system32\kernel32.dll
0x000007fefd0c0000 - 0x000007fefd12b000 	C:\Windows\system32\KERNELBASE.dll
0x000007fefe650000 - 0x000007fefe72b000 	C:\Windows\system32\ADVAPI32.dll
0x000007fefef70000 - 0x000007feff00f000 	C:\Windows\system32\msvcrt.dll
0x000007fefd530000 - 0x000007fefd54f000 	C:\Windows\SYSTEM32\sechost.dll
0x000007fefd5c0000 - 0x000007fefd6ee000 	C:\Windows\system32\RPCRT4.dll
0x0000000076e50000 - 0x0000000076f4a000 	C:\Windows\system32\USER32.dll
0x000007fefd550000 - 0x000007fefd5b7000 	C:\Windows\system32\GDI32.dll
0x000007feff010000 - 0x000007feff01e000 	C:\Windows\system32\LPK.dll
0x000007fefeea0000 - 0x000007fefef6a000 	C:\Windows\system32\USP10.dll
0x000007fefb690000 - 0x000007fefb884000 	C:\Windows\WinSxS\amd64_microsoft.windows.common-controls_6595b64144ccf1df_6.0.7600.16385_none_fa645303170382f6\COMCTL32.dll
0x000007feff020000 - 0x000007feff091000 	C:\Windows\system32\SHLWAPI.dll
0x000007fefea00000 - 0x000007fefea2e000 	C:\Windows\system32\IMM32.DLL
0x000007fefd3a0000 - 0x000007fefd4a9000 	C:\Windows\system32\MSCTF.dll
0x0000000059f40000 - 0x000000005a012000 	C:\Program Files\Java\jdk1.7.0_71\jre\bin\msvcr100.dll
0x000000005f6d0000 - 0x000000005fea3000 	C:\Program Files\Java\jdk1.7.0_71\jre\bin\server\jvm.dll
0x000007fef5e00000 - 0x000007fef5e09000 	C:\Windows\system32\WSOCK32.dll
0x000007fefe7d0000 - 0x000007fefe81d000 	C:\Windows\system32\WS2_32.dll
0x000007feff220000 - 0x000007feff228000 	C:\Windows\system32\NSI.dll
0x000007fefaa00000 - 0x000007fefaa3b000 	C:\Windows\system32\WINMM.dll
0x0000000077240000 - 0x0000000077247000 	C:\Windows\system32\PSAPI.DLL
0x000000006f400000 - 0x000000006f40f000 	C:\Program Files\Java\jdk1.7.0_71\jre\bin\verify.dll
0x000000005f6a0000 - 0x000000005f6c8000 	C:\Program Files\Java\jdk1.7.0_71\jre\bin\java.dll
0x000000006d5b0000 - 0x000000006d5c5000 	C:\Program Files\Java\jdk1.7.0_71\jre\bin\zip.dll
0x000000005f680000 - 0x000000005f699000 	C:\Program Files\Java\jdk1.7.0_71\jre\bin\net.dll
0x000007fefc840000 - 0x000007fefc894000 	C:\Windows\system32\mswsock.dll
0x000007fefc830000 - 0x000007fefc837000 	C:\Windows\System32\wship6.dll
0x000000005f660000 - 0x000000005f671000 	C:\Program Files\Java\jdk1.7.0_71\jre\bin\nio.dll
0x000007fef4660000 - 0x000007fef4672000 	C:\Users\Poltavets\.gradle\native\19\windows-amd64\native-platform.dll
0x000007fefb5c0000 - 0x000007fefb5e7000 	C:\Windows\system32\IPHLPAPI.DLL
0x000007fefb5b0000 - 0x000007fefb5bb000 	C:\Windows\system32\WINNSI.DLL
0x000007fefb3c0000 - 0x000007fefb3d8000 	C:\Windows\system32\dhcpcsvc.DLL
0x000007fefb3a0000 - 0x000007fefb3b1000 	C:\Windows\system32\dhcpcsvc6.DLL
0x000007fefc8a0000 - 0x000007fefc8b7000 	C:\Windows\system32\CRYPTSP.dll
0x000007fefc5a0000 - 0x000007fefc5e7000 	C:\Windows\system32\rsaenh.dll
0x000007fefc320000 - 0x000007fefc33e000 	C:\Windows\system32\USERENV.dll
0x000007fefcfd0000 - 0x000007fefcfdf000 	C:\Windows\system32\profapi.dll
0x000007fefcf00000 - 0x000007fefcf0f000 	C:\Windows\system32\CRYPTBASE.dll
0x000007fefcea0000 - 0x000007fefcef7000 	C:\Windows\system32\apphelp.dll
0x000000006f130000 - 0x000000006f13b000 	C:\Program Files\Java\jdk1.7.0_71\jre\bin\management.dll

VM Arguments:
jvm_args: -XX:MaxPermSize=256m -XX:+HeapDumpOnOutOfMemoryError -Xmx1024m -Dfile.encoding=windows-1251 -Duser.country=RU -Duser.language=ru -Duser.variant 
java_command: org.gradle.launcher.daemon.bootstrap.GradleDaemon 2.10
Launcher Type: SUN_STANDARD

Environment Variables:
JAVA_HOME=C:\Program Files\Java\jdk1.7.0_71
CLASSPATH=.;C:\Program Files (x86)\QuickTime\QTSystem\QTJava.zip
PATH=C:\Program Files (x86)\Embarcadero\Studio\16.0\bin;C:\Users\Public\Documents\Embarcadero\Studio\16.0\Bpl;C:\Program Files (x86)\Embarcadero\Studio\16.0\bin64;C:\Users\Public\Documents\Embarcadero\Studio\16.0\Bpl\Win64;C:\ProgramData\Oracle\Java\javapath;C:\Program Files (x86)\NVIDIA Corporation\PhysX\Common;C:\Windows\system32;C:\Windows;C:\Windows\System32\Wbem;C:\Windows\System32\WindowsPowerShell\v1.0\;C:\Program Files\Microsoft\Web Platform Installer\;C:\Program Files (x86)\Microsoft ASP.NET\ASP.NET Web Pages\v1.0\;C:\Program Files\Microsoft SQL Server\110\Tools\Binn\;C:\Program Files (x86)\Microsoft SQL Server\100\Tools\Binn\;C:\Program Files\Microsoft SQL Server\100\Tools\Binn\;C:\Program Files\Microsoft SQL Server\100\DTS\Binn\;C:\Program Files (x86)\QuickTime\QTSystem\;C:\Program Files (x86)\Skype\Phone\
USERNAME=Poltavets
OS=Windows_NT
PROCESSOR_IDENTIFIER=Intel64 Family 6 Model 37 Stepping 5, GenuineIntel



---------------  S Y S T E M  ---------------

OS: Windows 7 , 64 bit Build 7600 Service Pack 0A, v.1

CPU:total 4 (2 cores per cpu, 2 threads per core) family 6 model 37 stepping 5, cmov, cx8, fxsr, mmx, sse, sse2, sse3, ssse3, sse4.1, sse4.2, popcnt, ht, tsc, tscinvbit

Memory: 4k page, physical 4053864k(145536k free), swap 5226076k(21340k free)

vm_info: Java HotSpot(TM) 64-Bit Server VM (24.71-b01) for windows-amd64 JRE (1.7.0_71-b14), built on Sep 26 2014 16:16:12 by "java_re" with unknown MS VC++:1600

time: Sat May 28 12:24:06 2016
elapsed time: 37 seconds

