#
# There is insufficient memory for the Java Runtime Environment to continue.
# Native memory allocation (malloc) failed to allocate 622976 bytes for Chunk::new
# Possible reasons:
#   The system is out of physical RAM or swap space
#   In 32 bit mode, the process size limit was hit
# Possible solutions:
#   Reduce memory load on the system
#   Increase physical memory or swap space
#   Check if swap backing store is full
#   Use 64 bit Java on a 64 bit OS
#   Decrease Java heap size (-Xmx/-Xms)
#   Decrease number of Java threads
#   Decrease Java thread stack sizes (-Xss)
#   Set larger code cache with -XX:ReservedCodeCacheSize=
# This output file may be truncated or incomplete.
#
#  Out of Memory Error (allocation.cpp:323), pid=1892, tid=4000
#
# JRE version: Java(TM) SE Runtime Environment (7.0_71-b14) (build 1.7.0_71-b14)
# Java VM: Java HotSpot(TM) 64-Bit Server VM (24.71-b01 mixed mode windows-amd64 compressed oops)
# Failed to write core dump. Minidumps are not enabled by default on client versions of Windows
#

---------------  T H R E A D  ---------------

Current thread (0x0000000008d9d000):  JavaThread "C2 CompilerThread1" daemon [_thread_in_native, id=4000, stack(0x000000000a400000,0x000000000a500000)]

Stack: [0x000000000a400000,0x000000000a500000]
[error occurred during error reporting (printing stack bounds), id 0xc0000005]


Current CompileTask:
C2: 391377 2499             com.sun.tools.javac.file.ZipFileIndex$ZipDirectory::readEntry (587 bytes)


---------------  P R O C E S S  ---------------

Java Threads: ( => current thread )
  0x000000000c55b000 JavaThread "stdout" daemon [_thread_in_native, id=6096, stack(0x00000000129b0000,0x0000000012ab0000)]
  0x000000000da2e000 JavaThread "stderr" daemon [_thread_in_native, id=4620, stack(0x0000000012890000,0x0000000012990000)]
  0x000000000c440000 JavaThread "pool-2-thread-4" [_thread_blocked, id=4376, stack(0x000000000f7e0000,0x000000000f8e0000)]
  0x000000000c43f000 JavaThread "pool-2-thread-3" [_thread_blocked, id=5888, stack(0x0000000010ce0000,0x0000000010de0000)]
  0x000000000c43e800 JavaThread "pool-2-thread-2" [_thread_blocked, id=5508, stack(0x000000000fb70000,0x000000000fc70000)]
  0x000000000c43d800 JavaThread "pool-2-thread-1" [_thread_blocked, id=5304, stack(0x000000000cef0000,0x000000000cff0000)]
  0x000000000c43d000 JavaThread "Daemon worker Thread 2" [_thread_in_vm, id=5864, stack(0x000000000e430000,0x000000000e530000)]
  0x000000000c43b800 JavaThread "Cancel handler" [_thread_blocked, id=5896, stack(0x000000000d080000,0x000000000d180000)]
  0x000000000c43c000 JavaThread "Handler for socket connection from /127.0.0.1:49955 to /127.0.0.1:50227" [_thread_in_native, id=5932, stack(0x000000000cdf0000,0x000000000cef0000)]
  0x000000000c43a800 JavaThread "Daemon Thread 2" [_thread_blocked, id=6744, stack(0x000000000cbd0000,0x000000000ccd0000)]
  0x000000000ba3c800 JavaThread "File lock request listener" [_thread_in_native, id=1180, stack(0x000000000d210000,0x000000000d310000)]
  0x000000000b438000 JavaThread "Incoming local TCP Connector on port 49955" [_thread_in_native, id=5912, stack(0x000000000ca30000,0x000000000cb30000)]
  0x0000000008d9f000 JavaThread "Service Thread" daemon [_thread_blocked, id=3540, stack(0x000000000a630000,0x000000000a730000)]
=>0x0000000008d9d000 JavaThread "C2 CompilerThread1" daemon [_thread_in_native, id=4000, stack(0x000000000a400000,0x000000000a500000)]
  0x0000000008d97800 JavaThread "C2 CompilerThread0" daemon [_thread_in_vm, id=5844, stack(0x000000000a500000,0x000000000a600000)]
  0x0000000008d96000 JavaThread "Attach Listener" daemon [_thread_blocked, id=6876, stack(0x000000000a300000,0x000000000a400000)]
  0x0000000008d8f000 JavaThread "Signal Dispatcher" daemon [_thread_blocked, id=6492, stack(0x000000000a0f0000,0x000000000a1f0000)]
  0x0000000008d37800 JavaThread "Finalizer" daemon [_thread_blocked, id=2708, stack(0x0000000009e60000,0x0000000009f60000)]
  0x0000000008d30800 JavaThread "Reference Handler" daemon [_thread_blocked, id=1312, stack(0x0000000009cf0000,0x0000000009df0000)]
  0x00000000000fe000 JavaThread "main" [_thread_blocked, id=1604, stack(0x0000000002540000,0x0000000002640000)]

Other Threads:
  0x0000000008d29000 VMThread [stack: 0x0000000009be0000,0x0000000009ce0000] [id=6972]
  0x0000000008da8800 WatcherThread [stack: 0x000000000a7e0000,0x000000000a8e0000] [id=5556]

VM state:not at safepoint (normal execution)

VM Mutex/Monitor currently owned by a thread: None

Heap
 PSYoungGen      total 311808K, used 265288K [0x00000000eaa80000, 0x00000000ffd80000, 0x0000000100000000)
  eden space 274944K, 93% used [0x00000000eaa80000,0x00000000fa6c61b0,0x00000000fb700000)
  from space 36864K, 18% used [0x00000000fb700000,0x00000000fbdcc010,0x00000000fdb00000)
  to   space 35328K, 0% used [0x00000000fdb00000,0x00000000fdb00000,0x00000000ffd80000)
 ParOldGen       total 76800K, used 48286K [0x00000000c0000000, 0x00000000c4b00000, 0x00000000eaa80000)
  object space 76800K, 62% used [0x00000000c0000000,0x00000000c2f27a38,0x00000000c4b00000)
 PSPermGen       total 108032K, used 59265K [0x00000000b0000000, 0x00000000b6980000, 0x00000000c0000000)
  object space 108032K, 54% used [0x00000000b0000000,0x00000000b39e04b0,0x00000000b6980000)

Card table byte_map: [0x0000000005640000,0x00000000058d0000] byte_map_base: 0x00000000050c0000

Polling page: 0x0000000000140000

Code Cache  [0x0000000002640000, 0x0000000002e90000, 0x0000000005640000)
 total_blobs=2982 nmethods=2289 adapters=643 free_code_cache=40747Kb largest_free_block=41623936

Compilation events (10 events):
Event: 390.722 Thread 0x0000000008d9d000 2495             com.sun.tools.javac.parser.Scanner::name (5 bytes)
Event: 390.722 Thread 0x0000000008d9d000 nmethod 2495 0x0000000002e69f10 code [0x0000000002e6a040, 0x0000000002e6a098]
Event: 390.723 Thread 0x0000000008d9d000 2496             com.sun.tools.javac.util.ListBuffer::appendList (26 bytes)
Event: 390.726 Thread 0x0000000008d9d000 nmethod 2496 0x0000000002e6dc10 code [0x0000000002e6dd80, 0x0000000002e6dfa8]
Event: 390.726 Thread 0x0000000008d9d000 2497             com.sun.tools.javac.parser.JavacParser::bracketsOpt (52 bytes)
Event: 390.728 Thread 0x0000000008d9d000 nmethod 2497 0x0000000002e69b10 code [0x0000000002e69c80, 0x0000000002e69d98]
Event: 390.729 Thread 0x0000000008d9d000 2498             com.sun.tools.javac.util.List::last (26 bytes)
Event: 390.730 Thread 0x0000000008d9d000 nmethod 2498 0x0000000002e7e950 code [0x0000000002e7ea80, 0x0000000002e7eb18]
Event: 390.746 Thread 0x0000000008d97800 nmethod 2488 0x0000000002e873d0 code [0x0000000002e87ee0, 0x0000000002e8a3d0]
Event: 390.899 Thread 0x0000000008d9d000 2499             com.sun.tools.javac.file.ZipFileIndex$ZipDirectory::readEntry (587 bytes)

GC Heap History (10 events):
Event: 217.870 GC heap before
{Heap before GC invocations=23 (full 3):
 PSYoungGen      total 312320K, used 7136K [0x00000000eaa80000, 0x0000000100000000, 0x0000000100000000)
  eden space 273920K, 0% used [0x00000000eaa80000,0x00000000eaa80000,0x00000000fb600000)
  from space 38400K, 18% used [0x00000000fda80000,0x00000000fe178000,0x0000000100000000)
  to   space 37376K, 0% used [0x00000000fb600000,0x00000000fb600000,0x00000000fda80000)
 ParOldGen       total 76800K, used 75449K [0x00000000c0000000, 0x00000000c4b00000, 0x00000000eaa80000)
  object space 76800K, 98% used [0x00000000c0000000,0x00000000c49ae648,0x00000000c4b00000)
 PSPermGen       total 111104K, used 55694K [0x00000000b0000000, 0x00000000b6c80000, 0x00000000c0000000)
  object space 111104K, 50% used [0x00000000b0000000,0x00000000b3663af8,0x00000000b6c80000)
Event: 218.597 GC heap after
Heap after GC invocations=23 (full 3):
 PSYoungGen      total 312320K, used 0K [0x00000000eaa80000, 0x0000000100000000, 0x0000000100000000)
  eden space 273920K, 0% used [0x00000000eaa80000,0x00000000eaa80000,0x00000000fb600000)
  from space 38400K, 0% used [0x00000000fda80000,0x00000000fda80000,0x0000000100000000)
  to   space 37376K, 0% used [0x00000000fb600000,0x00000000fb600000,0x00000000fda80000)
 ParOldGen       total 76800K, used 49194K [0x00000000c0000000, 0x00000000c4b00000, 0x00000000eaa80000)
  object space 76800K, 64% used [0x00000000c0000000,0x00000000c300a8c0,0x00000000c4b00000)
 PSPermGen       total 111616K, used 55688K [0x00000000b0000000, 0x00000000b6d00000, 0x00000000c0000000)
  object space 111616K, 49% used [0x00000000b0000000,0x00000000b36621b8,0x00000000b6d00000)
}
Event: 230.589 GC heap before
{Heap before GC invocations=24 (full 3):
 PSYoungGen      total 312320K, used 3552K [0x00000000eaa80000, 0x0000000100000000, 0x0000000100000000)
  eden space 273920K, 1% used [0x00000000eaa80000,0x00000000eadf8038,0x00000000fb600000)
  from space 38400K, 0% used [0x00000000fda80000,0x00000000fda80000,0x0000000100000000)
  to   space 37376K, 0% used [0x00000000fb600000,0x00000000fb600000,0x00000000fda80000)
 ParOldGen       total 76800K, used 49194K [0x00000000c0000000, 0x00000000c4b00000, 0x00000000eaa80000)
  object space 76800K, 64% used [0x00000000c0000000,0x00000000c300a8c0,0x00000000c4b00000)
 PSPermGen       total 111616K, used 55689K [0x00000000b0000000, 0x00000000b6d00000, 0x00000000c0000000)
  object space 111616K, 49% used [0x00000000b0000000,0x00000000b3662500,0x00000000b6d00000)
Event: 230.644 GC heap after
Heap after GC invocations=24 (full 3):
 PSYoungGen      total 311296K, used 32K [0x00000000eaa80000, 0x0000000100000000, 0x0000000100000000)
  eden space 273920K, 0% used [0x00000000eaa80000,0x00000000eaa80000,0x00000000fb600000)
  from space 37376K, 0% used [0x00000000fb600000,0x00000000fb608000,0x00000000fda80000)
  to   space 37376K, 0% used [0x00000000fdb80000,0x00000000fdb80000,0x0000000100000000)
 ParOldGen       total 76800K, used 49194K [0x00000000c0000000, 0x00000000c4b00000, 0x00000000eaa80000)
  object space 76800K, 64% used [0x00000000c0000000,0x00000000c300a8c0,0x00000000c4b00000)
 PSPermGen       total 111616K, used 55689K [0x00000000b0000000, 0x00000000b6d00000, 0x00000000c0000000)
  object space 111616K, 49% used [0x00000000b0000000,0x00000000b3662500,0x00000000b6d00000)
}
Event: 230.644 GC heap before
{Heap before GC invocations=25 (full 4):
 PSYoungGen      total 311296K, used 32K [0x00000000eaa80000, 0x0000000100000000, 0x0000000100000000)
  eden space 273920K, 0% used [0x00000000eaa80000,0x00000000eaa80000,0x00000000fb600000)
  from space 37376K, 0% used [0x00000000fb600000,0x00000000fb608000,0x00000000fda80000)
  to   space 37376K, 0% used [0x00000000fdb80000,0x00000000fdb80000,0x0000000100000000)
 ParOldGen       total 76800K, used 49194K [0x00000000c0000000, 0x00000000c4b00000, 0x00000000eaa80000)
  object space 76800K, 64% used [0x00000000c0000000,0x00000000c300a8c0,0x00000000c4b00000)
 PSPermGen       total 111616K, used 55689K [0x00000000b0000000, 0x00000000b6d00000, 0x00000000c0000000)
  object space 111616K, 49% used [0x00000000b0000000,0x00000000b3662500,0x00000000b6d00000)
Event: 231.078 GC heap after
Heap after GC invocations=25 (full 4):
 PSYoungGen      total 311296K, used 0K [0x00000000eaa80000, 0x0000000100000000, 0x0000000100000000)
  eden space 273920K, 0% used [0x00000000eaa80000,0x00000000eaa80000,0x00000000fb600000)
  from space 37376K, 0% used [0x00000000fb600000,0x00000000fb600000,0x00000000fda80000)
  to   space 37376K, 0% used [0x00000000fdb80000,0x00000000fdb80000,0x0000000100000000)
 ParOldGen       total 76800K, used 48286K [0x00000000c0000000, 0x00000000c4b00000, 0x00000000eaa80000)
  object space 76800K, 62% used [0x00000000c0000000,0x00000000c2f27a38,0x00000000c4b00000)
 PSPermGen       total 108032K, used 55689K [0x00000000b0000000, 0x00000000b6980000, 0x00000000c0000000)
  object space 108032K, 51% used [0x00000000b0000000,0x00000000b3662500,0x00000000b6980000)
}
Event: 298.686 GC heap before
{Heap before GC invocations=26 (full 4):
 PSYoungGen      total 311296K, used 273920K [0x00000000eaa80000, 0x0000000100000000, 0x0000000100000000)
  eden space 273920K, 100% used [0x00000000eaa80000,0x00000000fb600000,0x00000000fb600000)
  from space 37376K, 0% used [0x00000000fb600000,0x00000000fb600000,0x00000000fda80000)
  to   space 37376K, 0% used [0x00000000fdb80000,0x00000000fdb80000,0x0000000100000000)
 ParOldGen       total 76800K, used 48286K [0x00000000c0000000, 0x00000000c4b00000, 0x00000000eaa80000)
  object space 76800K, 62% used [0x00000000c0000000,0x00000000c2f27a38,0x00000000c4b00000)
 PSPermGen       total 108032K, used 55792K [0x00000000b0000000, 0x00000000b6980000, 0x00000000c0000000)
  object space 108032K, 51% used [0x00000000b0000000,0x00000000b367c228,0x00000000b6980000)
Event: 298.711 GC heap after
Heap after GC invocations=26 (full 4):
 PSYoungGen      total 311296K, used 17444K [0x00000000eaa80000, 0x00000000fff00000, 0x0000000100000000)
  eden space 274944K, 0% used [0x00000000eaa80000,0x00000000eaa80000,0x00000000fb700000)
  from space 36352K, 47% used [0x00000000fdb80000,0x00000000fec89158,0x00000000fff00000)
  to   space 36864K, 0% used [0x00000000fb700000,0x00000000fb700000,0x00000000fdb00000)
 ParOldGen       total 76800K, used 48286K [0x00000000c0000000, 0x00000000c4b00000, 0x00000000eaa80000)
  object space 76800K, 62% used [0x00000000c0000000,0x00000000c2f27a38,0x00000000c4b00000)
 PSPermGen       total 108032K, used 55792K [0x00000000b0000000, 0x00000000b6980000, 0x00000000c0000000)
  object space 108032K, 51% used [0x00000000b0000000,0x00000000b367c228,0x00000000b6980000)
}
Event: 353.763 GC heap before
{Heap before GC invocations=27 (full 4):
 PSYoungGen      total 311296K, used 292388K [0x00000000eaa80000, 0x00000000fff00000, 0x0000000100000000)
  eden space 274944K, 100% used [0x00000000eaa80000,0x00000000fb700000,0x00000000fb700000)
  from space 36352K, 47% used [0x00000000fdb80000,0x00000000fec89158,0x00000000fff00000)
  to   space 36864K, 0% used [0x00000000fb700000,0x00000000fb700000,0x00000000fdb00000)
 ParOldGen       total 76800K, used 48286K [0x00000000c0000000, 0x00000000c4b00000, 0x00000000eaa80000)
  object space 76800K, 62% used [0x00000000c0000000,0x00000000c2f27a38,0x00000000c4b00000)
 PSPermGen       total 108032K, used 55815K [0x00000000b0000000, 0x00000000b6980000, 0x00000000c0000000)
  object space 108032K, 51% used [0x00000000b0000000,0x00000000b3681f68,0x00000000b6980000)
Event: 353.782 GC heap after
Heap after GC invocations=27 (full 4):
 PSYoungGen      total 311808K, used 6960K [0x00000000eaa80000, 0x00000000ffd80000, 0x0000000100000000)
  eden space 274944K, 0% used [0x00000000eaa80000,0x00000000eaa80000,0x00000000fb700000)
  from space 36864K, 18% used [0x00000000fb700000,0x00000000fbdcc010,0x00000000fdb00000)
  to   space 35328K, 0% used [0x00000000fdb00000,0x00000000fdb00000,0x00000000ffd80000)
 ParOldGen       total 76800K, used 48286K [0x00000000c0000000, 0x00000000c4b00000, 0x00000000eaa80000)
  object space 76800K, 62% used [0x00000000c0000000,0x00000000c2f27a38,0x00000000c4b00000)
 PSPermGen       total 108032K, used 55815K [0x00000000b0000000, 0x00000000b6980000, 0x00000000c0000000)
  object space 108032K, 51% used [0x00000000b0000000,0x00000000b3681f68,0x00000000b6980000)
}

Deoptimization events (10 events):
Event: 372.181 Thread 0x000000000c43d000 Uncommon trap: reason=class_check action=maybe_recompile pc=0x0000000002cc56e8 method=com.android.ide.common.res2.DataMerger.mergeData(Lcom/android/ide/common/res2/MergeConsumer;Z)V @ 5
Event: 372.208 Thread 0x000000000da2d800 Uncommon trap: reason=bimorphic action=maybe_recompile pc=0x0000000002c0c8e4 method=java.util.HashMap.putForCreate(Ljava/lang/Object;Ljava/lang/Object;)V @ 97
Event: 374.293 Thread 0x000000000c43d000 Uncommon trap: reason=unreached action=reinterpret pc=0x0000000002b555c4 method=java.nio.file.FileTreeWalker.walk(Ljava/nio/file/Path;ILjava/util/List;)Ljava/nio/file/FileVisitResult; @ 573
Event: 374.294 Thread 0x000000000c43d000 Uncommon trap: reason=unreached action=reinterpret pc=0x0000000002b555c4 method=java.nio.file.FileTreeWalker.walk(Ljava/nio/file/Path;ILjava/util/List;)Ljava/nio/file/FileVisitResult; @ 573
Event: 374.294 Thread 0x000000000c43d000 Uncommon trap: reason=unreached action=reinterpret pc=0x0000000002b555c4 method=java.nio.file.FileTreeWalker.walk(Ljava/nio/file/Path;ILjava/util/List;)Ljava/nio/file/FileVisitResult; @ 573
Event: 374.294 Thread 0x000000000c43d000 Uncommon trap: reason=unreached action=reinterpret pc=0x0000000002b555c4 method=java.nio.file.FileTreeWalker.walk(Ljava/nio/file/Path;ILjava/util/List;)Ljava/nio/file/FileVisitResult; @ 573
Event: 374.294 Thread 0x000000000c43d000 Uncommon trap: reason=unreached action=reinterpret pc=0x0000000002b555c4 method=java.nio.file.FileTreeWalker.walk(Ljava/nio/file/Path;ILjava/util/List;)Ljava/nio/file/FileVisitResult; @ 573
Event: 374.565 Thread 0x000000000c43d000 Uncommon trap: reason=unreached action=reinterpret pc=0x0000000002dde344 method=org.gradle.api.internal.changedetection.state.InMemoryTaskArtifactCache$1.get(Ljava/lang/Object;)Ljava/lang/Object; @ 97
Event: 375.031 Thread 0x000000000c43d000 Uncommon trap: reason=bimorphic action=maybe_recompile pc=0x0000000002d7a9c4 method=org.gradle.util.CollectionUtils.join(Ljava/lang/String;Ljava/lang/Iterable;)Ljava/lang/String; @ 37
Event: 376.047 Thread 0x000000000c43d000 Uncommon trap: reason=unreached action=reinterpret pc=0x0000000002c93d1c method=sun.util.locale.BaseLocale.equals(Ljava/lang/Object;)Z @ 29

Internal exceptions (10 events):
Event: 374.908 Thread 0x000000000c43d000 Threw 0x00000000f8ff7578 at C:\re\jdk7u71\1605\hotspot\src\share\vm\prims\jvm.cpp:1281
Event: 375.028 Thread 0x000000000c43d000 Threw 0x00000000f906b100 at C:\re\jdk7u71\1605\hotspot\src\share\vm\prims\jvm.cpp:1281
Event: 375.028 Thread 0x000000000c43d000 Threw 0x00000000f906bdc8 at C:\re\jdk7u71\1605\hotspot\src\share\vm\prims\jvm.cpp:1281
Event: 375.028 Thread 0x000000000c43d000 Threw 0x00000000f906f648 at C:\re\jdk7u71\1605\hotspot\src\share\vm\prims\jvm.cpp:1281
Event: 375.029 Thread 0x000000000c43d000 Threw 0x00000000f90703d8 at C:\re\jdk7u71\1605\hotspot\src\share\vm\prims\jvm.cpp:1281
Event: 375.029 Thread 0x000000000c43d000 Threw 0x00000000f9076680 at C:\re\jdk7u71\1605\hotspot\src\share\vm\prims\jvm.cpp:1281
Event: 375.031 Thread 0x000000000c43d000 Threw 0x00000000f90993f0 at C:\re\jdk7u71\1605\hotspot\src\share\vm\prims\jvm.cpp:1281
Event: 375.031 Thread 0x000000000c43d000 Threw 0x00000000f9099f78 at C:\re\jdk7u71\1605\hotspot\src\share\vm\prims\jvm.cpp:1281
Event: 376.047 Thread 0x000000000c43d000 Threw 0x00000000f919f0a0 at C:\re\jdk7u71\1605\hotspot\src\share\vm\prims\jvm.cpp:1281
Event: 376.047 Thread 0x000000000c43d000 Threw 0x00000000f91a02a8 at C:\re\jdk7u71\1605\hotspot\src\share\vm\prims\jvm.cpp:1281

Events (10 events):
Event: 390.771 loading class 0x000000000dc04460
Event: 390.771 loading class 0x000000000dc04460 done
Event: 390.772 loading class 0x0000000002404e30
Event: 390.789 loading class 0x0000000002404e30 done
Event: 390.790 loading class 0x000000000d680470
Event: 390.790 loading class 0x000000000d680470 done
Event: 390.894 loading class 0x000000000d680420
Event: 390.894 loading class 0x000000000d680420 done
Event: 390.896 loading class 0x000000000e04d3c0
Event: 390.896 loading class 0x000000000e04d3c0 done


Dynamic libraries:
0x000000013fbc0000 - 0x000000013fbf3000 	C:\Program Files\Java\jdk1.7.0_71\bin\java.exe
0x0000000077070000 - 0x000000007721b000 	C:\Windows\SYSTEM32\ntdll.dll
0x0000000076f50000 - 0x000000007706f000 	C:\Windows\system32\kernel32.dll
0x000007fefd0c0000 - 0x000007fefd12b000 	C:\Windows\system32\KERNELBASE.dll
0x000007fefe650000 - 0x000007fefe72b000 	C:\Windows\system32\ADVAPI32.dll
0x000007fefef70000 - 0x000007feff00f000 	C:\Windows\system32\msvcrt.dll
0x000007fefd530000 - 0x000007fefd54f000 	C:\Windows\SYSTEM32\sechost.dll
0x000007fefd5c0000 - 0x000007fefd6ee000 	C:\Windows\system32\RPCRT4.dll
0x0000000076e50000 - 0x0000000076f4a000 	C:\Windows\system32\USER32.dll
0x000007fefd550000 - 0x000007fefd5b7000 	C:\Windows\system32\GDI32.dll
0x000007feff010000 - 0x000007feff01e000 	C:\Windows\system32\LPK.dll
0x000007fefeea0000 - 0x000007fefef6a000 	C:\Windows\system32\USP10.dll
0x000007fefb690000 - 0x000007fefb884000 	C:\Windows\WinSxS\amd64_microsoft.windows.common-controls_6595b64144ccf1df_6.0.7600.16385_none_fa645303170382f6\COMCTL32.dll
0x000007feff020000 - 0x000007feff091000 	C:\Windows\system32\SHLWAPI.dll
0x000007fefea00000 - 0x000007fefea2e000 	C:\Windows\system32\IMM32.DLL
0x000007fefd3a0000 - 0x000007fefd4a9000 	C:\Windows\system32\MSCTF.dll
0x000000005fd40000 - 0x000000005fe12000 	C:\Program Files\Java\jdk1.7.0_71\jre\bin\msvcr100.dll
0x0000000058b90000 - 0x0000000059363000 	C:\Program Files\Java\jdk1.7.0_71\jre\bin\server\jvm.dll
0x000007fef5e00000 - 0x000007fef5e09000 	C:\Windows\system32\WSOCK32.dll
0x000007fefe7d0000 - 0x000007fefe81d000 	C:\Windows\system32\WS2_32.dll
0x000007feff220000 - 0x000007feff228000 	C:\Windows\system32\NSI.dll
0x000007fefaa00000 - 0x000007fefaa3b000 	C:\Windows\system32\WINMM.dll
0x0000000077240000 - 0x0000000077247000 	C:\Windows\system32\PSAPI.DLL
0x000000006f130000 - 0x000000006f13f000 	C:\Program Files\Java\jdk1.7.0_71\jre\bin\verify.dll
0x0000000060db0000 - 0x0000000060dd8000 	C:\Program Files\Java\jdk1.7.0_71\jre\bin\java.dll
0x0000000060d90000 - 0x0000000060da5000 	C:\Program Files\Java\jdk1.7.0_71\jre\bin\zip.dll
0x000000006d5b0000 - 0x000000006d5c9000 	C:\Program Files\Java\jdk1.7.0_71\jre\bin\net.dll
0x000007fefc840000 - 0x000007fefc894000 	C:\Windows\system32\mswsock.dll
0x000007fefc830000 - 0x000007fefc837000 	C:\Windows\System32\wship6.dll
0x0000000060d70000 - 0x0000000060d81000 	C:\Program Files\Java\jdk1.7.0_71\jre\bin\nio.dll
0x000007fef0e30000 - 0x000007fef0e42000 	C:\Users\Poltavets\.gradle\native\19\windows-amd64\native-platform.dll
0x000007fefb5c0000 - 0x000007fefb5e7000 	C:\Windows\system32\IPHLPAPI.DLL
0x000007fefb5b0000 - 0x000007fefb5bb000 	C:\Windows\system32\WINNSI.DLL
0x000007fefb3c0000 - 0x000007fefb3d8000 	C:\Windows\system32\dhcpcsvc.DLL
0x000007fefb3a0000 - 0x000007fefb3b1000 	C:\Windows\system32\dhcpcsvc6.DLL
0x000007fefc8a0000 - 0x000007fefc8b7000 	C:\Windows\system32\CRYPTSP.dll
0x000007fefc5a0000 - 0x000007fefc5e7000 	C:\Windows\system32\rsaenh.dll
0x000007fefc320000 - 0x000007fefc33e000 	C:\Windows\system32\USERENV.dll
0x000007fefcfd0000 - 0x000007fefcfdf000 	C:\Windows\system32\profapi.dll
0x000007fefcf00000 - 0x000007fefcf0f000 	C:\Windows\system32\CRYPTBASE.dll
0x000007fefcea0000 - 0x000007fefcef7000 	C:\Windows\system32\apphelp.dll
0x000000006f400000 - 0x000000006f40b000 	C:\Program Files\Java\jdk1.7.0_71\jre\bin\management.dll
0x000000005fe80000 - 0x000000005fea4000 	C:\Program Files\Java\jdk1.7.0_71\jre\bin\sunec.dll
0x000000006afb0000 - 0x000000006afbb000 	C:\Program Files\Java\jdk1.7.0_71\jre\bin\sunmscapi.dll
0x000007fefd170000 - 0x000007fefd2d6000 	C:\Windows\system32\CRYPT32.dll
0x000007fefd070000 - 0x000007fefd07f000 	C:\Windows\system32\MSASN1.dll
0x000007fefc1f0000 - 0x000007fefc1f7000 	C:\Windows\System32\wshtcpip.dll
0x000007fefc6c0000 - 0x000007fefc71b000 	C:\Windows\system32\DNSAPI.dll
0x00000000701c0000 - 0x00000000701e6000 	C:\Program Files\Bonjour\mdnsNSP.dll
0x000007fef7f40000 - 0x000007fef7f48000 	C:\Windows\system32\rasadhlp.dll
0x000007fefb440000 - 0x000007fefb493000 	C:\Windows\System32\fwpuclnt.dll
0x000007fefbe50000 - 0x000007fefbe65000 	C:\Windows\system32\NLAapi.dll
0x000007fef8350000 - 0x000007fef835b000 	C:\Windows\System32\winrnr.dll
0x000007fef8330000 - 0x000007fef8345000 	C:\Windows\system32\napinsp.dll
0x000007fef8310000 - 0x000007fef8329000 	C:\Windows\system32\pnrpnsp.dll
0x000007fef8300000 - 0x000007fef8310000 	C:\Windows\system32\wshbth.dll

VM Arguments:
jvm_args: -XX:MaxPermSize=256m -XX:+HeapDumpOnOutOfMemoryError -Xmx1024m -Dfile.encoding=windows-1251 -Duser.country=RU -Duser.language=ru -Duser.variant 
java_command: org.gradle.launcher.daemon.bootstrap.GradleDaemon 2.10
Launcher Type: SUN_STANDARD

Environment Variables:
JAVA_HOME=C:\Program Files\Java\jdk1.7.0_71
CLASSPATH=.;C:\Program Files (x86)\QuickTime\QTSystem\QTJava.zip
PATH=C:\Program Files (x86)\Embarcadero\Studio\16.0\bin;C:\Users\Public\Documents\Embarcadero\Studio\16.0\Bpl;C:\Program Files (x86)\Embarcadero\Studio\16.0\bin64;C:\Users\Public\Documents\Embarcadero\Studio\16.0\Bpl\Win64;C:\ProgramData\Oracle\Java\javapath;C:\Program Files (x86)\NVIDIA Corporation\PhysX\Common;C:\Windows\system32;C:\Windows;C:\Windows\System32\Wbem;C:\Windows\System32\WindowsPowerShell\v1.0\;C:\Program Files\Microsoft\Web Platform Installer\;C:\Program Files (x86)\Microsoft ASP.NET\ASP.NET Web Pages\v1.0\;C:\Program Files\Microsoft SQL Server\110\Tools\Binn\;C:\Program Files (x86)\Microsoft SQL Server\100\Tools\Binn\;C:\Program Files\Microsoft SQL Server\100\Tools\Binn\;C:\Program Files\Microsoft SQL Server\100\DTS\Binn\;C:\Program Files (x86)\QuickTime\QTSystem\;C:\Program Files (x86)\Skype\Phone\
USERNAME=Poltavets
OS=Windows_NT
PROCESSOR_IDENTIFIER=Intel64 Family 6 Model 37 Stepping 5, GenuineIntel



---------------  S Y S T E M  ---------------

OS: Windows 7 , 64 bit Build 7600 Service Pack 0A, v.1

CPU:total 4 (2 cores per cpu, 2 threads per core) family 6 model 37 stepping 5, cmov, cx8, fxsr, mmx, sse, sse2, sse3, ssse3, sse4.1, sse4.2, popcnt, ht, tsc, tscinvbit

Memory: 4k page, physical 4053864k(147176k free), swap 5300520k(5036k free)

vm_info: Java HotSpot(TM) 64-Bit Server VM (24.71-b01) for windows-amd64 JRE (1.7.0_71-b14), built on Sep 26 2014 16:16:12 by "java_re" with unknown MS VC++:1600

time: Sat May 28 12:36:43 2016
elapsed time: 391 seconds

