#
# There is insufficient memory for the Java Runtime Environment to continue.
# Native memory allocation (malloc) failed to allocate 1341536 bytes for Chunk::new
# Possible reasons:
#   The system is out of physical RAM or swap space
#   In 32 bit mode, the process size limit was hit
# Possible solutions:
#   Reduce memory load on the system
#   Increase physical memory or swap space
#   Check if swap backing store is full
#   Use 64 bit Java on a 64 bit OS
#   Decrease Java heap size (-Xmx/-Xms)
#   Decrease number of Java threads
#   Decrease Java thread stack sizes (-Xss)
#   Set larger code cache with -XX:ReservedCodeCacheSize=
# This output file may be truncated or incomplete.
#
#  Out of Memory Error (allocation.cpp:323), pid=5892, tid=6640
#
# JRE version: Java(TM) SE Runtime Environment (7.0_71-b14) (build 1.7.0_71-b14)
# Java VM: Java HotSpot(TM) 64-Bit Server VM (24.71-b01 mixed mode windows-amd64 compressed oops)
# Failed to write core dump. Minidumps are not enabled by default on client versions of Windows
#

---------------  T H R E A D  ---------------

Current thread (0x00000000085bf800):  JavaThread "C2 CompilerThread0" daemon [_thread_in_native, id=6640, stack(0x0000000009cc0000,0x0000000009dc0000)]

Stack: [0x0000000009cc0000,0x0000000009dc0000]
[error occurred during error reporting (printing stack bounds), id 0xc0000005]


Current CompileTask:
C2:   3299  166             com.android.dx.ssa.Dominators::run (506 bytes)


---------------  P R O C E S S  ---------------

Java Threads: ( => current thread )
  0x000000000a38b800 JavaThread "pool-2-thread-4" [_thread_in_Java, id=4384, stack(0x000000000b0d0000,0x000000000b1d0000)]
  0x000000000a385000 JavaThread "pool-2-thread-3" [_thread_blocked, id=1364, stack(0x000000000af50000,0x000000000b050000)]
  0x000000000a384000 JavaThread "pool-2-thread-2" [_thread_blocked, id=3688, stack(0x000000000ae20000,0x000000000af20000)]
  0x000000000a37e800 JavaThread "pool-3-thread-1" [_thread_blocked, id=6668, stack(0x000000000ac30000,0x000000000ad30000)]
  0x000000000a450800 JavaThread "pool-2-thread-1" [_thread_blocked, id=5856, stack(0x000000000a900000,0x000000000aa00000)]
  0x00000000085cf000 JavaThread "Service Thread" daemon [_thread_blocked, id=5388, stack(0x0000000009de0000,0x0000000009ee0000)]
  0x00000000085c1800 JavaThread "C2 CompilerThread1" daemon [_thread_in_native, id=4776, stack(0x0000000009f60000,0x000000000a060000)]
=>0x00000000085bf800 JavaThread "C2 CompilerThread0" daemon [_thread_in_native, id=6640, stack(0x0000000009cc0000,0x0000000009dc0000)]
  0x00000000085be800 JavaThread "Attach Listener" daemon [_thread_blocked, id=7044, stack(0x0000000009b30000,0x0000000009c30000)]
  0x00000000085b7800 JavaThread "Signal Dispatcher" daemon [_thread_blocked, id=5232, stack(0x0000000009910000,0x0000000009a10000)]
  0x0000000008562000 JavaThread "Finalizer" daemon [_thread_blocked, id=6152, stack(0x0000000009760000,0x0000000009860000)]
  0x0000000008560800 JavaThread "Reference Handler" daemon [_thread_blocked, id=2416, stack(0x0000000009630000,0x0000000009730000)]
  0x000000000039e000 JavaThread "main" [_thread_blocked, id=2792, stack(0x0000000002530000,0x0000000002630000)]

Other Threads:
  0x0000000008559000 VMThread [stack: 0x0000000009500000,0x0000000009600000] [id=6080]
  0x00000000085d8800 WatcherThread [stack: 0x000000000a0f0000,0x000000000a1f0000] [id=1356]

VM state:not at safepoint (normal execution)

VM Mutex/Monitor currently owned by a thread: None

Heap
 PSYoungGen      total 18944K, used 11060K [0x00000000eaa80000, 0x00000000ecf80000, 0x0000000100000000)
  eden space 16384K, 51% used [0x00000000eaa80000,0x00000000eb2cf5f8,0x00000000eba80000)
  from space 2560K, 99% used [0x00000000ebd00000,0x00000000ebf7dc78,0x00000000ebf80000)
  to   space 2560K, 0% used [0x00000000eba80000,0x00000000eba80000,0x00000000ebd00000)
 ParOldGen       total 41984K, used 1817K [0x00000000c0000000, 0x00000000c2900000, 0x00000000eaa80000)
  object space 41984K, 4% used [0x00000000c0000000,0x00000000c01c6690,0x00000000c2900000)
 PSPermGen       total 21504K, used 5830K [0x00000000bae00000, 0x00000000bc300000, 0x00000000c0000000)
  object space 21504K, 27% used [0x00000000bae00000,0x00000000bb3b1a88,0x00000000bc300000)

Card table byte_map: [0x0000000005630000,0x0000000005860000] byte_map_base: 0x0000000005059000

Polling page: 0x0000000000330000

Code Cache  [0x0000000002630000, 0x00000000028a0000, 0x0000000005630000)
 total_blobs=431 nmethods=196 adapters=188 free_code_cache=48380Kb largest_free_block=49518144

Compilation events (10 events):
Event: 3.221 Thread 0x00000000085c1800 nmethod 191 0x00000000026f1ed0 code [0x00000000026f2040, 0x00000000026f2288]
Event: 3.221 Thread 0x00000000085c1800  192             java.util.ArrayList::toArray (12 bytes)
Event: 3.223 Thread 0x00000000085c1800 nmethod 192 0x00000000026f1ad0 code [0x00000000026f1c20, 0x00000000026f1dd8]
Event: 3.223 Thread 0x00000000085c1800  193             java.util.ArrayList::<init> (55 bytes)
Event: 3.227 Thread 0x00000000085c1800 nmethod 193 0x00000000026f4b50 code [0x00000000026f4ca0, 0x00000000026f4ed8]
Event: 3.227 Thread 0x00000000085c1800  194             com.android.dx.dex.code.DalvInsn::<init> (67 bytes)
Event: 3.228 Thread 0x00000000085c1800 nmethod 194 0x00000000026f1810 code [0x00000000026f1940, 0x00000000026f1a18]
Event: 3.228 Thread 0x00000000085c1800  195             com.android.dx.rop.cst.Constant::compareTo (9 bytes)
Event: 3.229 Thread 0x00000000085c1800 nmethod 195 0x00000000026f4610 code [0x00000000026f4780, 0x00000000026f4978]
Event: 3.229 Thread 0x00000000085c1800  196             com.android.dx.ssa.SCCP::simulateBranch (666 bytes)

GC Heap History (4 events):
Event: 2.291 GC heap before
{Heap before GC invocations=1 (full 0):
 PSYoungGen      total 18944K, used 16384K [0x00000000eaa80000, 0x00000000ebf80000, 0x0000000100000000)
  eden space 16384K, 100% used [0x00000000eaa80000,0x00000000eba80000,0x00000000eba80000)
  from space 2560K, 0% used [0x00000000ebd00000,0x00000000ebd00000,0x00000000ebf80000)
  to   space 2560K, 0% used [0x00000000eba80000,0x00000000eba80000,0x00000000ebd00000)
 ParOldGen       total 41984K, used 0K [0x00000000c0000000, 0x00000000c2900000, 0x00000000eaa80000)
  object space 41984K, 0% used [0x00000000c0000000,0x00000000c0000000,0x00000000c2900000)
 PSPermGen       total 21504K, used 5299K [0x00000000bae00000, 0x00000000bc300000, 0x00000000c0000000)
  object space 21504K, 24% used [0x00000000bae00000,0x00000000bb32cd18,0x00000000bc300000)
Event: 2.301 GC heap after
Heap after GC invocations=1 (full 0):
 PSYoungGen      total 18944K, used 2533K [0x00000000eaa80000, 0x00000000ebf80000, 0x0000000100000000)
  eden space 16384K, 0% used [0x00000000eaa80000,0x00000000eaa80000,0x00000000eba80000)
  from space 2560K, 98% used [0x00000000eba80000,0x00000000ebcf96c8,0x00000000ebd00000)
  to   space 2560K, 0% used [0x00000000ebd00000,0x00000000ebd00000,0x00000000ebf80000)
 ParOldGen       total 41984K, used 99K [0x00000000c0000000, 0x00000000c2900000, 0x00000000eaa80000)
  object space 41984K, 0% used [0x00000000c0000000,0x00000000c0018cd0,0x00000000c2900000)
 PSPermGen       total 21504K, used 5299K [0x00000000bae00000, 0x00000000bc300000, 0x00000000c0000000)
  object space 21504K, 24% used [0x00000000bae00000,0x00000000bb32cd18,0x00000000bc300000)
}
Event: 2.784 GC heap before
{Heap before GC invocations=2 (full 0):
 PSYoungGen      total 18944K, used 18917K [0x00000000eaa80000, 0x00000000ebf80000, 0x0000000100000000)
  eden space 16384K, 100% used [0x00000000eaa80000,0x00000000eba80000,0x00000000eba80000)
  from space 2560K, 98% used [0x00000000eba80000,0x00000000ebcf96c8,0x00000000ebd00000)
  to   space 2560K, 0% used [0x00000000ebd00000,0x00000000ebd00000,0x00000000ebf80000)
 ParOldGen       total 41984K, used 99K [0x00000000c0000000, 0x00000000c2900000, 0x00000000eaa80000)
  object space 41984K, 0% used [0x00000000c0000000,0x00000000c0018cd0,0x00000000c2900000)
 PSPermGen       total 21504K, used 5776K [0x00000000bae00000, 0x00000000bc300000, 0x00000000c0000000)
  object space 21504K, 26% used [0x00000000bae00000,0x00000000bb3a4070,0x00000000bc300000)
Event: 2.795 GC heap after
Heap after GC invocations=2 (full 0):
 PSYoungGen      total 18944K, used 2551K [0x00000000eaa80000, 0x00000000ecf80000, 0x0000000100000000)
  eden space 16384K, 0% used [0x00000000eaa80000,0x00000000eaa80000,0x00000000eba80000)
  from space 2560K, 99% used [0x00000000ebd00000,0x00000000ebf7dc78,0x00000000ebf80000)
  to   space 2560K, 0% used [0x00000000eba80000,0x00000000eba80000,0x00000000ebd00000)
 ParOldGen       total 41984K, used 1817K [0x00000000c0000000, 0x00000000c2900000, 0x00000000eaa80000)
  object space 41984K, 4% used [0x00000000c0000000,0x00000000c01c6690,0x00000000c2900000)
 PSPermGen       total 21504K, used 5776K [0x00000000bae00000, 0x00000000bc300000, 0x00000000c0000000)
  object space 21504K, 26% used [0x00000000bae00000,0x00000000bb3a4070,0x00000000bc300000)
}

Deoptimization events (5 events):
Event: 2.612 Thread 0x000000000a385000 Uncommon trap: reason=class_check action=maybe_recompile pc=0x00000000026c544c method=com.android.dx.ssa.NormalSsaInsn.accept(Lcom/android/dx/ssa/SsaInsn$Visitor;)V @ 9
Event: 2.629 Thread 0x000000000a385000 Uncommon trap: reason=class_check action=maybe_recompile pc=0x00000000026c544c method=com.android.dx.ssa.NormalSsaInsn.accept(Lcom/android/dx/ssa/SsaInsn$Visitor;)V @ 9
Event: 2.629 Thread 0x000000000a385000 Uncommon trap: reason=class_check action=maybe_recompile pc=0x00000000026c544c method=com.android.dx.ssa.NormalSsaInsn.accept(Lcom/android/dx/ssa/SsaInsn$Visitor;)V @ 9
Event: 2.629 Thread 0x000000000a385000 Uncommon trap: reason=class_check action=maybe_recompile pc=0x00000000026ade58 method=com.android.dx.ssa.NormalSsaInsn.accept(Lcom/android/dx/ssa/SsaInsn$Visitor;)V @ 9
Event: 2.633 Thread 0x000000000039e000 Uncommon trap: reason=class_check action=maybe_recompile pc=0x00000000026c544c method=com.android.dx.ssa.NormalSsaInsn.accept(Lcom/android/dx/ssa/SsaInsn$Visitor;)V @ 9

Internal exceptions (10 events):
Event: 2.345 Thread 0x000000000a450800 Threw 0x00000000eac36ad0 at C:\re\jdk7u71\1605\hotspot\src\share\vm\prims\jvm.cpp:1281
Event: 2.349 Thread 0x000000000a38b800 Threw 0x00000000eab71428 at C:\re\jdk7u71\1605\hotspot\src\share\vm\prims\jvm.cpp:1281
Event: 2.350 Thread 0x000000000a38b800 Threw 0x00000000eab76978 at C:\re\jdk7u71\1605\hotspot\src\share\vm\prims\jvm.cpp:1281
Event: 2.350 Thread 0x000000000a38b800 Threw 0x00000000eab797b8 at C:\re\jdk7u71\1605\hotspot\src\share\vm\prims\jvm.cpp:1281
Event: 2.378 Thread 0x000000000a385000 Threw 0x00000000eab6d348 at C:\re\jdk7u71\1605\hotspot\src\share\vm\prims\jvm.cpp:1281
Event: 2.430 Thread 0x000000000a385000 Threw 0x00000000eacb7fd0 at C:\re\jdk7u71\1605\hotspot\src\share\vm\prims\jvm.cpp:1281
Event: 2.538 Thread 0x000000000a385000 Threw 0x00000000eb0aee00 at C:\re\jdk7u71\1605\hotspot\src\share\vm\prims\jvm.cpp:1281
Event: 2.543 Thread 0x000000000039e000 Threw 0x00000000eb0df618 at C:\re\jdk7u71\1605\hotspot\src\share\vm\prims\jvm.cpp:1281
Event: 2.584 Thread 0x000000000039e000 Threw 0x00000000eb2c20c0 at C:\re\jdk7u71\1605\hotspot\src\share\vm\prims\jvm.cpp:1281
Event: 2.733 Thread 0x000000000a385000 Threw 0x00000000eb968930 at C:\re\jdk7u71\1605\hotspot\src\share\vm\prims\jvm.cpp:1281

Events (10 events):
Event: 2.629 Thread 0x000000000a385000 Uncommon trap: trap_request=0xffffffde fr.pc=0x00000000026ade58
Event: 2.629 Thread 0x000000000a385000 DEOPT PACKING pc=0x00000000026ade58 sp=0x000000000b04ec30
Event: 2.629 Thread 0x000000000a385000 DEOPT UNPACKING pc=0x0000000002669064 sp=0x000000000b04eb80 mode 2
Event: 2.633 Thread 0x000000000039e000 Uncommon trap: trap_request=0xffffffde fr.pc=0x00000000026c544c
Event: 2.633 Thread 0x000000000039e000 DEOPT PACKING pc=0x00000000026c544c sp=0x000000000262e7c0
Event: 2.633 Thread 0x000000000039e000 DEOPT UNPACKING pc=0x0000000002669064 sp=0x000000000262e710 mode 2
Event: 2.733 loading class 0x000000000a460f60
Event: 2.733 loading class 0x000000000a460f60 done
Event: 2.784 Executing VM operation: ParallelGCFailedAllocation
Event: 2.795 Executing VM operation: ParallelGCFailedAllocation done


Dynamic libraries:
0x000000013fca0000 - 0x000000013fcd3000 	C:\Program Files\Java\jdk1.7.0_71\bin\java.exe
0x0000000077070000 - 0x000000007721b000 	C:\Windows\SYSTEM32\ntdll.dll
0x0000000076f50000 - 0x000000007706f000 	C:\Windows\system32\kernel32.dll
0x000007fefd0c0000 - 0x000007fefd12b000 	C:\Windows\system32\KERNELBASE.dll
0x000007fefe650000 - 0x000007fefe72b000 	C:\Windows\system32\ADVAPI32.dll
0x000007fefef70000 - 0x000007feff00f000 	C:\Windows\system32\msvcrt.dll
0x000007fefd530000 - 0x000007fefd54f000 	C:\Windows\SYSTEM32\sechost.dll
0x000007fefd5c0000 - 0x000007fefd6ee000 	C:\Windows\system32\RPCRT4.dll
0x0000000076e50000 - 0x0000000076f4a000 	C:\Windows\system32\USER32.dll
0x000007fefd550000 - 0x000007fefd5b7000 	C:\Windows\system32\GDI32.dll
0x000007feff010000 - 0x000007feff01e000 	C:\Windows\system32\LPK.dll
0x000007fefeea0000 - 0x000007fefef6a000 	C:\Windows\system32\USP10.dll
0x000007fefb690000 - 0x000007fefb884000 	C:\Windows\WinSxS\amd64_microsoft.windows.common-controls_6595b64144ccf1df_6.0.7600.16385_none_fa645303170382f6\COMCTL32.dll
0x000007feff020000 - 0x000007feff091000 	C:\Windows\system32\SHLWAPI.dll
0x000007fefea00000 - 0x000007fefea2e000 	C:\Windows\system32\IMM32.DLL
0x000007fefd3a0000 - 0x000007fefd4a9000 	C:\Windows\system32\MSCTF.dll
0x000000005fd40000 - 0x000000005fe12000 	C:\Program Files\Java\jdk1.7.0_71\jre\bin\msvcr100.dll
0x0000000058b90000 - 0x0000000059363000 	C:\Program Files\Java\jdk1.7.0_71\jre\bin\server\jvm.dll
0x000007fef5e00000 - 0x000007fef5e09000 	C:\Windows\system32\WSOCK32.dll
0x000007fefe7d0000 - 0x000007fefe81d000 	C:\Windows\system32\WS2_32.dll
0x000007feff220000 - 0x000007feff228000 	C:\Windows\system32\NSI.dll
0x000007fefaa00000 - 0x000007fefaa3b000 	C:\Windows\system32\WINMM.dll
0x0000000077240000 - 0x0000000077247000 	C:\Windows\system32\PSAPI.DLL
0x000000006f130000 - 0x000000006f13f000 	C:\Program Files\Java\jdk1.7.0_71\jre\bin\verify.dll
0x0000000060db0000 - 0x0000000060dd8000 	C:\Program Files\Java\jdk1.7.0_71\jre\bin\java.dll
0x0000000060d90000 - 0x0000000060da5000 	C:\Program Files\Java\jdk1.7.0_71\jre\bin\zip.dll
0x000000006d5b0000 - 0x000000006d5c9000 	C:\Program Files\Java\jdk1.7.0_71\jre\bin\net.dll
0x000007fefc840000 - 0x000007fefc894000 	C:\Windows\system32\mswsock.dll
0x000007fefc830000 - 0x000007fefc837000 	C:\Windows\System32\wship6.dll
0x0000000060d70000 - 0x0000000060d81000 	C:\Program Files\Java\jdk1.7.0_71\jre\bin\nio.dll

VM Arguments:
jvm_args: -Djava.awt.headless=true -Xmx1024M -Dfile.encoding=windows-1251 -Duser.country=RU -Duser.language=ru -Duser.variant 
java_command: com.android.dx.command.Main --dex --force-jumbo --num-threads=4 --multi-dex --output C:\Users\Poltavets\AndroidStudioProjects\PeopleMaps\app\build\intermediates\transforms\dex\debug\folders\1000\10\com.google.android.gms-play-services-ads-9.0.0_3d2e967b98413eb8debf02da0f531e94c8a5a2bd C:\Users\Poltavets\AndroidStudioProjects\PeopleMaps\app\build\intermediates\exploded-aar\com.google.android.gms\play-services-ads\9.0.0\jars\classes.jar
Launcher Type: SUN_STANDARD

Environment Variables:
JAVA_HOME=C:\Program Files\Java\jdk1.7.0_71
CLASSPATH=.;C:\Program Files (x86)\QuickTime\QTSystem\QTJava.zip
PATH=C:\Program Files (x86)\Embarcadero\Studio\16.0\bin;C:\Users\Public\Documents\Embarcadero\Studio\16.0\Bpl;C:\Program Files (x86)\Embarcadero\Studio\16.0\bin64;C:\Users\Public\Documents\Embarcadero\Studio\16.0\Bpl\Win64;C:\ProgramData\Oracle\Java\javapath;C:\Program Files (x86)\NVIDIA Corporation\PhysX\Common;C:\Windows\system32;C:\Windows;C:\Windows\System32\Wbem;C:\Windows\System32\WindowsPowerShell\v1.0\;C:\Program Files\Microsoft\Web Platform Installer\;C:\Program Files (x86)\Microsoft ASP.NET\ASP.NET Web Pages\v1.0\;C:\Program Files\Microsoft SQL Server\110\Tools\Binn\;C:\Program Files (x86)\Microsoft SQL Server\100\Tools\Binn\;C:\Program Files\Microsoft SQL Server\100\Tools\Binn\;C:\Program Files\Microsoft SQL Server\100\DTS\Binn\;C:\Program Files (x86)\QuickTime\QTSystem\;C:\Program Files (x86)\Skype\Phone\
USERNAME=Poltavets
OS=Windows_NT
PROCESSOR_IDENTIFIER=Intel64 Family 6 Model 37 Stepping 5, GenuineIntel



---------------  S Y S T E M  ---------------

OS: Windows 7 , 64 bit Build 7600 Service Pack 0A, v.1

CPU:total 4 (2 cores per cpu, 2 threads per core) family 6 model 37 stepping 5, cmov, cx8, fxsr, mmx, sse, sse2, sse3, ssse3, sse4.1, sse4.2, popcnt, ht, tsc, tscinvbit

Memory: 4k page, physical 4053864k(425096k free), swap 5300520k(5608k free)

vm_info: Java HotSpot(TM) 64-Bit Server VM (24.71-b01) for windows-amd64 JRE (1.7.0_71-b14), built on Sep 26 2014 16:16:12 by "java_re" with unknown MS VC++:1600

time: Sat May 28 12:40:19 2016
elapsed time: 3 seconds

