#
# There is insufficient memory for the Java Runtime Environment to continue.
# Native memory allocation (malloc) failed to allocate 1082960 bytes for Chunk::new
# Possible reasons:
#   The system is out of physical RAM or swap space
#   In 32 bit mode, the process size limit was hit
# Possible solutions:
#   Reduce memory load on the system
#   Increase physical memory or swap space
#   Check if swap backing store is full
#   Use 64 bit Java on a 64 bit OS
#   Decrease Java heap size (-Xmx/-Xms)
#   Decrease number of Java threads
#   Decrease Java thread stack sizes (-Xss)
#   Set larger code cache with -XX:ReservedCodeCacheSize=
# This output file may be truncated or incomplete.
#
#  Out of Memory Error (allocation.cpp:323), pid=9900, tid=8380
#
# JRE version: Java(TM) SE Runtime Environment (7.0_71-b14) (build 1.7.0_71-b14)
# Java VM: Java HotSpot(TM) 64-Bit Server VM (24.71-b01 mixed mode windows-amd64 compressed oops)
# Failed to write core dump. Minidumps are not enabled by default on client versions of Windows
#

---------------  T H R E A D  ---------------

Current thread (0x0000000008813800):  JavaThread "C2 CompilerThread0" daemon [_thread_in_native, id=8380, stack(0x00000000098c0000,0x00000000099c0000)]

Stack: [0x00000000098c0000,0x00000000099c0000]
[error occurred during error reporting (printing stack bounds), id 0xc0000005]


Current CompileTask:
C2:  49430  701   !         com.android.dx.cf.code.BytecodeArray::parseInstruction (2764 bytes)


---------------  P R O C E S S  ---------------

Java Threads: ( => current thread )
  0x000000000a68f000 JavaThread "pool-2-thread-4" [_thread_blocked, id=9796, stack(0x000000000b300000,0x000000000b400000)]
  0x000000000a68e000 JavaThread "pool-2-thread-3" [_thread_blocked, id=9784, stack(0x000000000b090000,0x000000000b190000)]
  0x000000000a65f800 JavaThread "pool-2-thread-2" [_thread_blocked, id=9036, stack(0x000000000a170000,0x000000000a270000)]
  0x000000000a6a7000 JavaThread "pool-3-thread-1" [_thread_blocked, id=8080, stack(0x000000000ad20000,0x000000000ae20000)]
  0x000000000a56b000 JavaThread "pool-2-thread-1" [_thread_blocked, id=7060, stack(0x000000000ae90000,0x000000000af90000)]
  0x0000000008817800 JavaThread "Service Thread" daemon [_thread_blocked, id=8676, stack(0x000000000a280000,0x000000000a380000)]
  0x0000000008816000 JavaThread "C2 CompilerThread1" daemon [_thread_in_vm, id=9348, stack(0x000000000a060000,0x000000000a160000)]
=>0x0000000008813800 JavaThread "C2 CompilerThread0" daemon [_thread_in_native, id=8380, stack(0x00000000098c0000,0x00000000099c0000)]
  0x0000000008812800 JavaThread "Attach Listener" daemon [_thread_blocked, id=8692, stack(0x0000000009f20000,0x000000000a020000)]
  0x000000000880b000 JavaThread "Signal Dispatcher" daemon [_thread_blocked, id=724, stack(0x0000000009d40000,0x0000000009e40000)]
  0x00000000087b7800 JavaThread "Finalizer" daemon [_thread_blocked, id=8340, stack(0x0000000009ba0000,0x0000000009ca0000)]
  0x00000000087b0800 JavaThread "Reference Handler" daemon [_thread_blocked, id=6120, stack(0x0000000009a50000,0x0000000009b50000)]
  0x00000000024be000 JavaThread "main" [_thread_in_Java, id=10216, stack(0x0000000002750000,0x0000000002850000)]

Other Threads:
  0x00000000087a9000 VMThread [stack: 0x00000000097c0000,0x00000000098c0000] [id=8916]
  0x0000000008819000 WatcherThread [stack: 0x000000000a3f0000,0x000000000a4f0000] [id=5632]

VM state:not at safepoint (normal execution)

VM Mutex/Monitor currently owned by a thread: None

Heap
 PSYoungGen      total 196096K, used 14466K [0x00000000eaa80000, 0x00000000fce80000, 0x0000000100000000)
  eden space 97280K, 14% used [0x00000000eaa80000,0x00000000eb8a0ae8,0x00000000f0980000)
  from space 98816K, 0% used [0x00000000f0980000,0x00000000f0980000,0x00000000f6a00000)
  to   space 94208K, 0% used [0x00000000f6a00000,0x00000000f6a00000,0x00000000fc600000)
 ParOldGen       total 368640K, used 141165K [0x00000000c0000000, 0x00000000d6800000, 0x00000000eaa80000)
  object space 368640K, 38% used [0x00000000c0000000,0x00000000c89db4a0,0x00000000d6800000)
 PSPermGen       total 21504K, used 6041K [0x00000000bae00000, 0x00000000bc300000, 0x00000000c0000000)
  object space 21504K, 28% used [0x00000000bae00000,0x00000000bb3e67c0,0x00000000bc300000)

Card table byte_map: [0x0000000005850000,0x0000000005a80000] byte_map_base: 0x0000000005279000

Polling page: 0x0000000000130000

Code Cache  [0x0000000002850000, 0x0000000002af0000, 0x0000000005850000)
 total_blobs=910 nmethods=675 adapters=188 free_code_cache=46641Kb largest_free_block=47629440

Compilation events (10 events):
Event: 43.494 Thread 0x0000000008816000 nmethod 696 0x0000000002a03fd0 code [0x0000000002a04100, 0x0000000002a04158]
Event: 43.496 Thread 0x0000000008813800  697             java.util.zip.ZStreamRef::address (5 bytes)
Event: 43.496 Thread 0x0000000008813800 nmethod 697 0x0000000002a00f50 code [0x0000000002a01080, 0x0000000002a010d8]
Event: 48.148 Thread 0x0000000008816000  698             sun.util.calendar.ZoneInfo::getTransitionIndex (156 bytes)
Event: 48.164 Thread 0x0000000008816000 nmethod 698 0x00000000028d1e90 code [0x00000000028d1fe0, 0x00000000028d2338]
Event: 48.872 Thread 0x0000000008813800  699             com.android.dx.rop.cst.CstInteger::make (47 bytes)
Event: 48.877 Thread 0x0000000008813800 nmethod 699 0x00000000028d1b10 code [0x00000000028d1c60, 0x00000000028d1dd8]
Event: 48.909 Thread 0x0000000008816000  700             com.android.dx.rop.code.ThrowingInsn::<init> (49 bytes)
Event: 48.913 Thread 0x0000000008816000 nmethod 700 0x00000000028d1710 code [0x00000000028d1860, 0x00000000028d19b8]
Event: 49.174 Thread 0x0000000008813800  701   !         com.android.dx.cf.code.BytecodeArray::parseInstruction (2764 bytes)

GC Heap History (10 events):
Event: 41.180 GC heap before
{Heap before GC invocations=25 (full 9):
 PSYoungGen      total 161280K, used 161257K [0x00000000eaa80000, 0x00000000fc600000, 0x0000000100000000)
  eden space 86016K, 100% used [0x00000000eaa80000,0x00000000efe80000,0x00000000efe80000)
  from space 75264K, 99% used [0x00000000efe80000,0x00000000f47fa598,0x00000000f4800000)
  to   space 94208K, 0% used [0x00000000f6a00000,0x00000000f6a00000,0x00000000fc600000)
 ParOldGen       total 368640K, used 192552K [0x00000000c0000000, 0x00000000d6800000, 0x00000000eaa80000)
  object space 368640K, 52% used [0x00000000c0000000,0x00000000cbc0a310,0x00000000d6800000)
 PSPermGen       total 21504K, used 6027K [0x00000000bae00000, 0x00000000bc300000, 0x00000000c0000000)
  object space 21504K, 28% used [0x00000000bae00000,0x00000000bb3e2f70,0x00000000bc300000)
Event: 41.345 GC heap after
Heap after GC invocations=25 (full 9):
 PSYoungGen      total 191488K, used 64408K [0x00000000eaa80000, 0x00000000fce80000, 0x0000000100000000)
  eden space 97280K, 0% used [0x00000000eaa80000,0x00000000eaa80000,0x00000000f0980000)
  from space 94208K, 68% used [0x00000000f6a00000,0x00000000fa8e6248,0x00000000fc600000)
  to   space 98816K, 0% used [0x00000000f0980000,0x00000000f0980000,0x00000000f6a00000)
 ParOldGen       total 368640K, used 228180K [0x00000000c0000000, 0x00000000d6800000, 0x00000000eaa80000)
  object space 368640K, 61% used [0x00000000c0000000,0x00000000cded52f0,0x00000000d6800000)
 PSPermGen       total 21504K, used 6027K [0x00000000bae00000, 0x00000000bc300000, 0x00000000c0000000)
  object space 21504K, 28% used [0x00000000bae00000,0x00000000bb3e2f70,0x00000000bc300000)
}
Event: 41.864 GC heap before
{Heap before GC invocations=26 (full 9):
 PSYoungGen      total 191488K, used 161688K [0x00000000eaa80000, 0x00000000fce80000, 0x0000000100000000)
  eden space 97280K, 100% used [0x00000000eaa80000,0x00000000f0980000,0x00000000f0980000)
  from space 94208K, 68% used [0x00000000f6a00000,0x00000000fa8e6248,0x00000000fc600000)
  to   space 98816K, 0% used [0x00000000f0980000,0x00000000f0980000,0x00000000f6a00000)
 ParOldGen       total 368640K, used 228180K [0x00000000c0000000, 0x00000000d6800000, 0x00000000eaa80000)
  object space 368640K, 61% used [0x00000000c0000000,0x00000000cded52f0,0x00000000d6800000)
 PSPermGen       total 21504K, used 6038K [0x00000000bae00000, 0x00000000bc300000, 0x00000000c0000000)
  object space 21504K, 28% used [0x00000000bae00000,0x00000000bb3e5880,0x00000000bc300000)
Event: 42.229 GC heap after
Heap after GC invocations=26 (full 9):
 PSYoungGen      total 196096K, used 98793K [0x00000000eaa80000, 0x00000000fce80000, 0x0000000100000000)
  eden space 97280K, 0% used [0x00000000eaa80000,0x00000000eaa80000,0x00000000f0980000)
  from space 98816K, 99% used [0x00000000f0980000,0x00000000f69fa7a0,0x00000000f6a00000)
  to   space 94208K, 0% used [0x00000000f6a00000,0x00000000f6a00000,0x00000000fc600000)
 ParOldGen       total 368640K, used 235382K [0x00000000c0000000, 0x00000000d6800000, 0x00000000eaa80000)
  object space 368640K, 63% used [0x00000000c0000000,0x00000000ce5ddb18,0x00000000d6800000)
 PSPermGen       total 21504K, used 6038K [0x00000000bae00000, 0x00000000bc300000, 0x00000000c0000000)
  object space 21504K, 28% used [0x00000000bae00000,0x00000000bb3e5880,0x00000000bc300000)
}
Event: 42.390 GC heap before
{Heap before GC invocations=27 (full 9):
 PSYoungGen      total 196096K, used 196073K [0x00000000eaa80000, 0x00000000fce80000, 0x0000000100000000)
  eden space 97280K, 100% used [0x00000000eaa80000,0x00000000f0980000,0x00000000f0980000)
  from space 98816K, 99% used [0x00000000f0980000,0x00000000f69fa7a0,0x00000000f6a00000)
  to   space 94208K, 0% used [0x00000000f6a00000,0x00000000f6a00000,0x00000000fc600000)
 ParOldGen       total 368640K, used 235382K [0x00000000c0000000, 0x00000000d6800000, 0x00000000eaa80000)
  object space 368640K, 63% used [0x00000000c0000000,0x00000000ce5ddb18,0x00000000d6800000)
 PSPermGen       total 21504K, used 6039K [0x00000000bae00000, 0x00000000bc300000, 0x00000000c0000000)
  object space 21504K, 28% used [0x00000000bae00000,0x00000000bb3e5ed8,0x00000000bc300000)
Event: 42.770 GC heap after
Heap after GC invocations=27 (full 9):
 PSYoungGen      total 191488K, used 83136K [0x00000000eaa80000, 0x00000000fce80000, 0x0000000100000000)
  eden space 97280K, 0% used [0x00000000eaa80000,0x00000000eaa80000,0x00000000f0980000)
  from space 94208K, 88% used [0x00000000f6a00000,0x00000000fbb30248,0x00000000fc600000)
  to   space 98816K, 0% used [0x00000000f0980000,0x00000000f0980000,0x00000000f6a00000)
 ParOldGen       total 368640K, used 294657K [0x00000000c0000000, 0x00000000d6800000, 0x00000000eaa80000)
  object space 368640K, 79% used [0x00000000c0000000,0x00000000d1fc0568,0x00000000d6800000)
 PSPermGen       total 21504K, used 6039K [0x00000000bae00000, 0x00000000bc300000, 0x00000000c0000000)
  object space 21504K, 28% used [0x00000000bae00000,0x00000000bb3e5ed8,0x00000000bc300000)
}
Event: 43.532 GC heap before
{Heap before GC invocations=28 (full 9):
 PSYoungGen      total 191488K, used 180416K [0x00000000eaa80000, 0x00000000fce80000, 0x0000000100000000)
  eden space 97280K, 100% used [0x00000000eaa80000,0x00000000f0980000,0x00000000f0980000)
  from space 94208K, 88% used [0x00000000f6a00000,0x00000000fbb30248,0x00000000fc600000)
  to   space 98816K, 0% used [0x00000000f0980000,0x00000000f0980000,0x00000000f6a00000)
 ParOldGen       total 368640K, used 294657K [0x00000000c0000000, 0x00000000d6800000, 0x00000000eaa80000)
  object space 368640K, 79% used [0x00000000c0000000,0x00000000d1fc0568,0x00000000d6800000)
 PSPermGen       total 21504K, used 6040K [0x00000000bae00000, 0x00000000bc300000, 0x00000000c0000000)
  object space 21504K, 28% used [0x00000000bae00000,0x00000000bb3e62d0,0x00000000bc300000)
Event: 46.613 GC heap after
Heap after GC invocations=28 (full 9):
 PSYoungGen      total 196096K, used 18390K [0x00000000eaa80000, 0x00000000fce80000, 0x0000000100000000)
  eden space 97280K, 0% used [0x00000000eaa80000,0x00000000eaa80000,0x00000000f0980000)
  from space 98816K, 18% used [0x00000000f0980000,0x00000000f1b75b70,0x00000000f6a00000)
  to   space 94208K, 0% used [0x00000000f6a00000,0x00000000f6a00000,0x00000000fc600000)
 ParOldGen       total 368640K, used 338991K [0x00000000c0000000, 0x00000000d6800000, 0x00000000eaa80000)
  object space 368640K, 91% used [0x00000000c0000000,0x00000000d4b0bfd0,0x00000000d6800000)
 PSPermGen       total 21504K, used 6040K [0x00000000bae00000, 0x00000000bc300000, 0x00000000c0000000)
  object space 21504K, 28% used [0x00000000bae00000,0x00000000bb3e62d0,0x00000000bc300000)
}
Event: 46.613 GC heap before
{Heap before GC invocations=29 (full 10):
 PSYoungGen      total 196096K, used 18390K [0x00000000eaa80000, 0x00000000fce80000, 0x0000000100000000)
  eden space 97280K, 0% used [0x00000000eaa80000,0x00000000eaa80000,0x00000000f0980000)
  from space 98816K, 18% used [0x00000000f0980000,0x00000000f1b75b70,0x00000000f6a00000)
  to   space 94208K, 0% used [0x00000000f6a00000,0x00000000f6a00000,0x00000000fc600000)
 ParOldGen       total 368640K, used 338991K [0x00000000c0000000, 0x00000000d6800000, 0x00000000eaa80000)
  object space 368640K, 91% used [0x00000000c0000000,0x00000000d4b0bfd0,0x00000000d6800000)
 PSPermGen       total 21504K, used 6040K [0x00000000bae00000, 0x00000000bc300000, 0x00000000c0000000)
  object space 21504K, 28% used [0x00000000bae00000,0x00000000bb3e62d0,0x00000000bc300000)
Event: 48.120 GC heap after
Heap after GC invocations=29 (full 10):
 PSYoungGen      total 196096K, used 0K [0x00000000eaa80000, 0x00000000fce80000, 0x0000000100000000)
  eden space 97280K, 0% used [0x00000000eaa80000,0x00000000eaa80000,0x00000000f0980000)
  from space 98816K, 0% used [0x00000000f0980000,0x00000000f0980000,0x00000000f6a00000)
  to   space 94208K, 0% used [0x00000000f6a00000,0x00000000f6a00000,0x00000000fc600000)
 ParOldGen       total 368640K, used 141165K [0x00000000c0000000, 0x00000000d6800000, 0x00000000eaa80000)
  object space 368640K, 38% used [0x00000000c0000000,0x00000000c89db4a0,0x00000000d6800000)
 PSPermGen       total 21504K, used 6040K [0x00000000bae00000, 0x00000000bc300000, 0x00000000c0000000)
  object space 21504K, 28% used [0x00000000bae00000,0x00000000bb3e6230,0x00000000bc300000)
}

Deoptimization events (10 events):
Event: 30.226 Thread 0x000000000a68f000 Uncommon trap: reason=predicate action=maybe_recompile pc=0x00000000029ee884 method=com.android.dx.ssa.back.InterferenceGraph.<init>(I)V @ 23
Event: 30.249 Thread 0x000000000a65f800 Uncommon trap: reason=class_check action=maybe_recompile pc=0x0000000002903a80 method=com.android.dx.ssa.SsaConverter.placePhiFunctions(Lcom/android/dx/ssa/SsaMethod;Lcom/android/dx/ssa/LocalVariableInfo;I)V @ 257
Event: 30.268 Thread 0x00000000024be000 Uncommon trap: reason=unreached action=reinterpret pc=0x00000000029a9e54 method=com.android.dx.cf.code.Merger.mergeStack(Lcom/android/dx/cf/code/ExecutionStack;Lcom/android/dx/cf/code/ExecutionStack;)Lcom/android/dx/cf/code/ExecutionStack; @ 2
Event: 31.254 Thread 0x000000000a68f000 Uncommon trap: reason=class_check action=maybe_recompile pc=0x0000000002a3e3f8 method=com.android.dx.ssa.back.InterferenceGraph.mergeInterferenceSet(ILcom/android/dx/util/IntSet;)V @ 20
Event: 32.763 Thread 0x000000000a68e000 Uncommon trap: reason=class_check action=maybe_recompile pc=0x0000000002903a80 method=com.android.dx.ssa.SsaConverter.placePhiFunctions(Lcom/android/dx/ssa/SsaMethod;Lcom/android/dx/ssa/LocalVariableInfo;I)V @ 257
Event: 32.782 Thread 0x000000000a56b000 Uncommon trap: reason=class_check action=maybe_recompile pc=0x0000000002903a80 method=com.android.dx.ssa.SsaConverter.placePhiFunctions(Lcom/android/dx/ssa/SsaMethod;Lcom/android/dx/ssa/LocalVariableInfo;I)V @ 257
Event: 35.239 Thread 0x00000000024be000 Uncommon trap: reason=unloaded action=reinterpret pc=0x0000000002a8b6a8 method=com.android.dx.cf.code.Ropper.addReturnBlock()V @ 45
Event: 35.240 Thread 0x00000000024be000 Uncommon trap: reason=unreached action=reinterpret pc=0x00000000029a436c method=com.android.dx.ssa.MoveParamCombiner$1.visitNonMoveInsn(Lcom/android/dx/ssa/NormalSsaInsn;)V @ 27
Event: 48.901 Thread 0x000000000a65f800 Uncommon trap: reason=bimorphic action=maybe_recompile pc=0x0000000002a81784 method=com.android.dx.cf.code.BytecodeArray.parseInstruction(ILcom/android/dx/cf/code/BytecodeArray$Visitor;)I @ 2554
Event: 48.901 Thread 0x000000000a65f800 Uncommon trap: reason=bimorphic action=maybe_recompile pc=0x0000000002a81784 method=com.android.dx.cf.code.BytecodeArray.parseInstruction(ILcom/android/dx/cf/code/BytecodeArray$Visitor;)I @ 2554

Internal exceptions (10 events):
Event: 20.637 Thread 0x000000000a65f800 Threw 0x00000000eae869f8 at C:\re\jdk7u71\1605\hotspot\src\share\vm\prims\jvm.cpp:1281
Event: 20.638 Thread 0x000000000a65f800 Threw 0x00000000eae8c298 at C:\re\jdk7u71\1605\hotspot\src\share\vm\prims\jvm.cpp:1281
Event: 20.650 Thread 0x000000000a65f800 Threw 0x00000000eae91818 at C:\re\jdk7u71\1605\hotspot\src\share\vm\prims\jvm.cpp:1281
Event: 21.154 Thread 0x000000000a68e000 Threw 0x00000000ec006030 at C:\re\jdk7u71\1605\hotspot\src\share\vm\prims\jvm.cpp:1281
Event: 21.362 Thread 0x00000000024be000 Threw 0x00000000eab785e0 at C:\re\jdk7u71\1605\hotspot\src\share\vm\prims\jvm.cpp:1281
Event: 21.995 Thread 0x000000000a56b000 Implicit null exception at 0x00000000028e7808 to 0x00000000028e8375
Event: 24.033 Thread 0x000000000a68e000 Threw 0x00000000eaad7bd0 at C:\re\jdk7u71\1605\hotspot\src\share\vm\prims\jvm.cpp:1281
Event: 26.919 Thread 0x00000000024be000 Implicit null exception at 0x0000000002a6665c to 0x0000000002a6667e
Event: 28.043 Thread 0x000000000a68e000 Threw 0x00000000eacdfb90 at C:\re\jdk7u71\1605\hotspot\src\share\vm\prims\jvm.cpp:1281
Event: 28.059 Thread 0x000000000a68e000 Threw 0x00000000eae97fc0 at C:\re\jdk7u71\1605\hotspot\src\share\vm\prims\jvm.cpp:1281

Events (10 events):
Event: 42.770 Executing VM operation: ParallelGCFailedAllocation done
Event: 43.496 Thread 0x0000000008813800 flushing nmethod 0x00000000028d11d0
Event: 43.532 Executing VM operation: ParallelGCFailedAllocation
Event: 48.121 Executing VM operation: ParallelGCFailedAllocation done
Event: 48.901 Thread 0x000000000a65f800 Uncommon trap: trap_request=0xffffffc6 fr.pc=0x0000000002a81784
Event: 48.901 Thread 0x000000000a65f800 DEOPT PACKING pc=0x0000000002a81784 sp=0x000000000a26eb60
Event: 48.901 Thread 0x000000000a65f800 DEOPT UNPACKING pc=0x0000000002889064 sp=0x000000000a26eb08 mode 2
Event: 48.901 Thread 0x000000000a65f800 Uncommon trap: trap_request=0xffffffc6 fr.pc=0x0000000002a81784
Event: 48.901 Thread 0x000000000a65f800 DEOPT PACKING pc=0x0000000002a81784 sp=0x000000000a26ebc0
Event: 48.901 Thread 0x000000000a65f800 DEOPT UNPACKING pc=0x0000000002889064 sp=0x000000000a26eb68 mode 2


Dynamic libraries:
0x000000013f9a0000 - 0x000000013f9d3000 	C:\Program Files\Java\jdk1.7.0_71\bin\java.exe
0x00000000774b0000 - 0x000000007765b000 	C:\Windows\SYSTEM32\ntdll.dll
0x0000000077290000 - 0x00000000773af000 	C:\Windows\system32\kernel32.dll
0x000007fefd560000 - 0x000007fefd5cb000 	C:\Windows\system32\KERNELBASE.dll
0x000007fefda60000 - 0x000007fefdb3b000 	C:\Windows\system32\ADVAPI32.dll
0x000007feff3a0000 - 0x000007feff43f000 	C:\Windows\system32\msvcrt.dll
0x000007fefdfc0000 - 0x000007fefdfdf000 	C:\Windows\SYSTEM32\sechost.dll
0x000007fefdb90000 - 0x000007fefdcbe000 	C:\Windows\system32\RPCRT4.dll
0x00000000773b0000 - 0x00000000774aa000 	C:\Windows\system32\USER32.dll
0x000007fefdcc0000 - 0x000007fefdd27000 	C:\Windows\system32\GDI32.dll
0x000007feff390000 - 0x000007feff39e000 	C:\Windows\system32\LPK.dll
0x000007fefdfe0000 - 0x000007fefe0aa000 	C:\Windows\system32\USP10.dll
0x000007fefb820000 - 0x000007fefba14000 	C:\Windows\WinSxS\amd64_microsoft.windows.common-controls_6595b64144ccf1df_6.0.7600.16385_none_fa645303170382f6\COMCTL32.dll
0x000007feff740000 - 0x000007feff7b1000 	C:\Windows\system32\SHLWAPI.dll
0x000007fefe2c0000 - 0x000007fefe2ee000 	C:\Windows\system32\IMM32.DLL
0x000007fefdd30000 - 0x000007fefde39000 	C:\Windows\system32\MSCTF.dll
0x000000005f640000 - 0x000000005f712000 	C:\Program Files\Java\jdk1.7.0_71\jre\bin\msvcr100.dll
0x000000006ebf0000 - 0x000000006f3c3000 	C:\Program Files\Java\jdk1.7.0_71\jre\bin\server\jvm.dll
0x000007fef5de0000 - 0x000007fef5de9000 	C:\Windows\system32\WSOCK32.dll
0x000007fefdb40000 - 0x000007fefdb8d000 	C:\Windows\system32\WS2_32.dll
0x000007fefe4c0000 - 0x000007fefe4c8000 	C:\Windows\system32\NSI.dll
0x000007fefb2b0000 - 0x000007fefb2eb000 	C:\Windows\system32\WINMM.dll
0x0000000077680000 - 0x0000000077687000 	C:\Windows\system32\PSAPI.DLL
0x00000000740f0000 - 0x00000000740ff000 	C:\Program Files\Java\jdk1.7.0_71\jre\bin\verify.dll
0x00000000740c0000 - 0x00000000740e8000 	C:\Program Files\Java\jdk1.7.0_71\jre\bin\java.dll
0x00000000740a0000 - 0x00000000740b5000 	C:\Program Files\Java\jdk1.7.0_71\jre\bin\zip.dll
0x0000000074080000 - 0x0000000074099000 	C:\Program Files\Java\jdk1.7.0_71\jre\bin\net.dll
0x000007fefcc80000 - 0x000007fefccd4000 	C:\Windows\system32\mswsock.dll
0x000007fefcc70000 - 0x000007fefcc77000 	C:\Windows\System32\wship6.dll
0x000000006e4c0000 - 0x000000006e4d1000 	C:\Program Files\Java\jdk1.7.0_71\jre\bin\nio.dll

VM Arguments:
jvm_args: -Djava.awt.headless=true -Xmx1024M -Dfile.encoding=windows-1251 -Duser.country=RU -Duser.language=ru -Duser.variant 
java_command: com.android.dx.command.Main --dex --force-jumbo --num-threads=4 --multi-dex --output C:\Users\Poltavets\AndroidStudioProjects\PeopleMaps\app\build\intermediates\transforms\dex\debug\folders\1000\10\com.google.android.gms-play-services-ads-9.0.0_3d2e967b98413eb8debf02da0f531e94c8a5a2bd C:\Users\Poltavets\AndroidStudioProjects\PeopleMaps\app\build\intermediates\exploded-aar\com.google.android.gms\play-services-ads\9.0.0\jars\classes.jar
Launcher Type: SUN_STANDARD

Environment Variables:
JAVA_HOME=C:\Program Files\Java\jdk1.7.0_71
CLASSPATH=.;C:\Program Files (x86)\QuickTime\QTSystem\QTJava.zip
PATH=C:\Program Files (x86)\Embarcadero\Studio\16.0\bin;C:\Users\Public\Documents\Embarcadero\Studio\16.0\Bpl;C:\Program Files (x86)\Embarcadero\Studio\16.0\bin64;C:\Users\Public\Documents\Embarcadero\Studio\16.0\Bpl\Win64;C:\ProgramData\Oracle\Java\javapath;C:\Program Files (x86)\NVIDIA Corporation\PhysX\Common;C:\Windows\system32;C:\Windows;C:\Windows\System32\Wbem;C:\Windows\System32\WindowsPowerShell\v1.0\;C:\Program Files\Microsoft\Web Platform Installer\;C:\Program Files (x86)\Microsoft ASP.NET\ASP.NET Web Pages\v1.0\;C:\Program Files\Microsoft SQL Server\110\Tools\Binn\;C:\Program Files (x86)\Microsoft SQL Server\100\Tools\Binn\;C:\Program Files\Microsoft SQL Server\100\Tools\Binn\;C:\Program Files\Microsoft SQL Server\100\DTS\Binn\;C:\Program Files (x86)\QuickTime\QTSystem\;C:\Program Files (x86)\Skype\Phone\
USERNAME=Poltavets
OS=Windows_NT
PROCESSOR_IDENTIFIER=Intel64 Family 6 Model 37 Stepping 5, GenuineIntel



---------------  S Y S T E M  ---------------

OS: Windows 7 , 64 bit Build 7600 Service Pack 0A, v.1

CPU:total 4 (2 cores per cpu, 2 threads per core) family 6 model 37 stepping 5, cmov, cx8, fxsr, mmx, sse, sse2, sse3, ssse3, sse4.1, sse4.2, popcnt, ht, tsc, tscinvbit

Memory: 4k page, physical 4053864k(95228k free), swap 8558124k(215464k free)

vm_info: Java HotSpot(TM) 64-Bit Server VM (24.71-b01) for windows-amd64 JRE (1.7.0_71-b14), built on Sep 26 2014 16:16:12 by "java_re" with unknown MS VC++:1600

time: Fri May 27 20:26:56 2016
elapsed time: 49 seconds

