#
# There is insufficient memory for the Java Runtime Environment to continue.
# Native memory allocation (malloc) failed to allocate 572576 bytes for Chunk::new
# Possible reasons:
#   The system is out of physical RAM or swap space
#   In 32 bit mode, the process size limit was hit
# Possible solutions:
#   Reduce memory load on the system
#   Increase physical memory or swap space
#   Check if swap backing store is full
#   Use 64 bit Java on a 64 bit OS
#   Decrease Java heap size (-Xmx/-Xms)
#   Decrease number of Java threads
#   Decrease Java thread stack sizes (-Xss)
#   Set larger code cache with -XX:ReservedCodeCacheSize=
# This output file may be truncated or incomplete.
#
#  Out of Memory Error (allocation.cpp:323), pid=7124, tid=6024
#
# JRE version: Java(TM) SE Runtime Environment (7.0_71-b14) (build 1.7.0_71-b14)
# Java VM: Java HotSpot(TM) 64-Bit Server VM (24.71-b01 mixed mode windows-amd64 compressed oops)
# Failed to write core dump. Minidumps are not enabled by default on client versions of Windows
#

---------------  T H R E A D  ---------------

Current thread (0x00000000084cc800):  JavaThread "C2 CompilerThread1" daemon [_thread_in_native, id=6024, stack(0x0000000009ea0000,0x0000000009fa0000)]

Stack: [0x0000000009ea0000,0x0000000009fa0000]
[error occurred during error reporting (printing stack bounds), id 0xc0000005]


[error occurred during error reporting (printing native stack), id 0xc0000005]


Current CompileTask:
C2:   1660  261             com.android.dx.ssa.SCCP::simulateStmt (481 bytes)


---------------  P R O C E S S  ---------------

Java Threads: ( => current thread )
  0x000000000a2e9800 JavaThread "pool-2-thread-4" [_thread_in_Java, id=4256, stack(0x000000000ae80000,0x000000000af80000)]
  0x000000000a2eb000 JavaThread "pool-2-thread-3" [_thread_in_vm, id=6156, stack(0x0000000009870000,0x0000000009970000)]
  0x000000000a416000 JavaThread "pool-2-thread-2" [_thread_in_vm, id=3368, stack(0x000000000ad20000,0x000000000ae20000)]
  0x000000000a39a800 JavaThread "pool-3-thread-1" [_thread_blocked, id=5360, stack(0x000000000aa70000,0x000000000ab70000)]
  0x000000000a397000 JavaThread "pool-2-thread-1" [_thread_in_Java, id=6468, stack(0x0000000009fa0000,0x000000000a0a0000)]
  0x00000000084d1800 JavaThread "Service Thread" daemon [_thread_blocked, id=1968, stack(0x000000000a0a0000,0x000000000a1a0000)]
=>0x00000000084cc800 JavaThread "C2 CompilerThread1" daemon [_thread_in_native, id=6024, stack(0x0000000009ea0000,0x0000000009fa0000)]
  0x00000000084ca800 JavaThread "C2 CompilerThread0" daemon [_thread_in_native, id=5824, stack(0x0000000009a90000,0x0000000009b90000)]
  0x00000000084c9800 JavaThread "Attach Listener" daemon [_thread_blocked, id=1180, stack(0x0000000009be0000,0x0000000009ce0000)]
  0x00000000084c2800 JavaThread "Signal Dispatcher" daemon [_thread_blocked, id=4620, stack(0x0000000009970000,0x0000000009a70000)]
  0x0000000008465800 JavaThread "Finalizer" daemon [_thread_blocked, id=6728, stack(0x0000000009760000,0x0000000009860000)]
  0x0000000008464800 JavaThread "Reference Handler" daemon [_thread_blocked, id=6168, stack(0x0000000009640000,0x0000000009740000)]
  0x00000000022fe000 JavaThread "main" [_thread_in_Java, id=5204, stack(0x0000000002590000,0x0000000002690000)]

Other Threads:
  0x0000000008459000 VMThread [stack: 0x0000000009530000,0x0000000009630000] [id=3372]
  0x00000000084dc800 WatcherThread [stack: 0x000000000a690000,0x000000000a790000] [id=6304]

VM state:not at safepoint (normal execution)

VM Mutex/Monitor currently owned by a thread: None

Heap
 PSYoungGen      total 35328K, used 32848K [0x00000000eaa80000, 0x00000000ecf80000, 0x0000000100000000)
  eden space 32768K, 92% used [0x00000000eaa80000,0x00000000ec8196f8,0x00000000eca80000)
  from space 2560K, 99% used [0x00000000ecd00000,0x00000000ecf7abd0,0x00000000ecf80000)
  to   space 2560K, 0% used [0x00000000eca80000,0x00000000eca80000,0x00000000ecd00000)
 ParOldGen       total 41984K, used 3983K [0x00000000c0000000, 0x00000000c2900000, 0x00000000eaa80000)
  object space 41984K, 9% used [0x00000000c0000000,0x00000000c03e3c50,0x00000000c2900000)
 PSPermGen       total 21504K, used 5915K [0x00000000bae00000, 0x00000000bc300000, 0x00000000c0000000)
  object space 21504K, 27% used [0x00000000bae00000,0x00000000bb3c6d88,0x00000000bc300000)

Card table byte_map: [0x0000000005690000,0x00000000058c0000] byte_map_base: 0x00000000050b9000

Polling page: 0x0000000000240000

Code Cache  [0x0000000002690000, 0x0000000002900000, 0x0000000005690000)
 total_blobs=496 nmethods=260 adapters=189 free_code_cache=48158Kb largest_free_block=49280704

Compilation events (10 events):
Event: 1.579 Thread 0x00000000084cc800 nmethod 256 0x0000000002773f50 code [0x00000000027740c0, 0x0000000002774478]
Event: 1.579 Thread 0x00000000084cc800  257             com.android.dx.ssa.back.SsaToRop::removePhiFunctions (83 bytes)
Event: 1.611 Thread 0x00000000084cc800 nmethod 257 0x000000000278e610 code [0x000000000278e820, 0x000000000278f3b0]
Event: 1.611 Thread 0x00000000084cc800  258             com.android.dx.util.FixedSizeList::hashCode (8 bytes)
Event: 1.613 Thread 0x00000000084cc800 nmethod 258 0x000000000277afd0 code [0x000000000277b120, 0x000000000277b278]
Event: 1.613 Thread 0x00000000084cc800  259             java.util.Collections$UnmodifiableCollection$1::next (10 bytes)
Event: 1.616 Thread 0x00000000084cc800 nmethod 259 0x000000000277aa90 code [0x000000000277ac00, 0x000000000277ad68]
Event: 1.616 Thread 0x00000000084cc800  260             com.android.dx.cf.code.Frame::getStack (5 bytes)
Event: 1.616 Thread 0x00000000084cc800 nmethod 260 0x0000000002773d50 code [0x0000000002773e80, 0x0000000002773ed8]
Event: 1.616 Thread 0x00000000084cc800  261             com.android.dx.ssa.SCCP::simulateStmt (481 bytes)

GC Heap History (4 events):
Event: 0.681 GC heap before
{Heap before GC invocations=1 (full 0):
 PSYoungGen      total 18944K, used 16384K [0x00000000eaa80000, 0x00000000ebf80000, 0x0000000100000000)
  eden space 16384K, 100% used [0x00000000eaa80000,0x00000000eba80000,0x00000000eba80000)
  from space 2560K, 0% used [0x00000000ebd00000,0x00000000ebd00000,0x00000000ebf80000)
  to   space 2560K, 0% used [0x00000000eba80000,0x00000000eba80000,0x00000000ebd00000)
 ParOldGen       total 41984K, used 0K [0x00000000c0000000, 0x00000000c2900000, 0x00000000eaa80000)
  object space 41984K, 0% used [0x00000000c0000000,0x00000000c0000000,0x00000000c2900000)
 PSPermGen       total 21504K, used 5652K [0x00000000bae00000, 0x00000000bc300000, 0x00000000c0000000)
  object space 21504K, 26% used [0x00000000bae00000,0x00000000bb385260,0x00000000bc300000)
Event: 0.690 GC heap after
Heap after GC invocations=1 (full 0):
 PSYoungGen      total 18944K, used 2551K [0x00000000eaa80000, 0x00000000ecf80000, 0x0000000100000000)
  eden space 16384K, 0% used [0x00000000eaa80000,0x00000000eaa80000,0x00000000eba80000)
  from space 2560K, 99% used [0x00000000eba80000,0x00000000ebcfdc78,0x00000000ebd00000)
  to   space 2560K, 0% used [0x00000000ecd00000,0x00000000ecd00000,0x00000000ecf80000)
 ParOldGen       total 41984K, used 1418K [0x00000000c0000000, 0x00000000c2900000, 0x00000000eaa80000)
  object space 41984K, 3% used [0x00000000c0000000,0x00000000c01629a8,0x00000000c2900000)
 PSPermGen       total 21504K, used 5652K [0x00000000bae00000, 0x00000000bc300000, 0x00000000c0000000)
  object space 21504K, 26% used [0x00000000bae00000,0x00000000bb385260,0x00000000bc300000)
}
Event: 1.057 GC heap before
{Heap before GC invocations=2 (full 0):
 PSYoungGen      total 18944K, used 18935K [0x00000000eaa80000, 0x00000000ecf80000, 0x0000000100000000)
  eden space 16384K, 100% used [0x00000000eaa80000,0x00000000eba80000,0x00000000eba80000)
  from space 2560K, 99% used [0x00000000eba80000,0x00000000ebcfdc78,0x00000000ebd00000)
  to   space 2560K, 0% used [0x00000000ecd00000,0x00000000ecd00000,0x00000000ecf80000)
 ParOldGen       total 41984K, used 1418K [0x00000000c0000000, 0x00000000c2900000, 0x00000000eaa80000)
  object space 41984K, 3% used [0x00000000c0000000,0x00000000c01629a8,0x00000000c2900000)
 PSPermGen       total 21504K, used 5850K [0x00000000bae00000, 0x00000000bc300000, 0x00000000c0000000)
  object space 21504K, 27% used [0x00000000bae00000,0x00000000bb3b6b98,0x00000000bc300000)
Event: 1.070 GC heap after
Heap after GC invocations=2 (full 0):
 PSYoungGen      total 35328K, used 2538K [0x00000000eaa80000, 0x00000000ecf80000, 0x0000000100000000)
  eden space 32768K, 0% used [0x00000000eaa80000,0x00000000eaa80000,0x00000000eca80000)
  from space 2560K, 99% used [0x00000000ecd00000,0x00000000ecf7abd0,0x00000000ecf80000)
  to   space 2560K, 0% used [0x00000000eca80000,0x00000000eca80000,0x00000000ecd00000)
 ParOldGen       total 41984K, used 3983K [0x00000000c0000000, 0x00000000c2900000, 0x00000000eaa80000)
  object space 41984K, 9% used [0x00000000c0000000,0x00000000c03e3c50,0x00000000c2900000)
 PSPermGen       total 21504K, used 5850K [0x00000000bae00000, 0x00000000bc300000, 0x00000000c0000000)
  object space 21504K, 27% used [0x00000000bae00000,0x00000000bb3b6b98,0x00000000bc300000)
}

Deoptimization events (9 events):
Event: 0.703 Thread 0x000000000a2eb000 Uncommon trap: reason=null_check action=make_not_entrant pc=0x000000000271273c method=com.android.dx.rop.code.LocalItem.equals(Ljava/lang/Object;)Z @ 1
Event: 0.719 Thread 0x000000000a2e9800 Uncommon trap: reason=class_check action=maybe_recompile pc=0x0000000002706574 method=com.android.dx.ssa.NormalSsaInsn.accept(Lcom/android/dx/ssa/SsaInsn$Visitor;)V @ 9
Event: 0.719 Thread 0x000000000a2e9800 Uncommon trap: reason=class_check action=maybe_recompile pc=0x0000000002706574 method=com.android.dx.ssa.NormalSsaInsn.accept(Lcom/android/dx/ssa/SsaInsn$Visitor;)V @ 9
Event: 0.719 Thread 0x000000000a2e9800 Uncommon trap: reason=class_check action=maybe_recompile pc=0x0000000002706574 method=com.android.dx.ssa.NormalSsaInsn.accept(Lcom/android/dx/ssa/SsaInsn$Visitor;)V @ 9
Event: 0.720 Thread 0x000000000a2e9800 Uncommon trap: reason=class_check action=maybe_recompile pc=0x0000000002706574 method=com.android.dx.ssa.NormalSsaInsn.accept(Lcom/android/dx/ssa/SsaInsn$Visitor;)V @ 9
Event: 1.198 Thread 0x00000000022fe000 Uncommon trap: reason=unreached action=reinterpret pc=0x000000000271b944 method=com.android.dx.rop.cst.Constant.compareTo(Lcom/android/dx/rop/cst/Constant;)I @ 12
Event: 1.261 Thread 0x000000000a397000 Uncommon trap: reason=null_check action=make_not_entrant pc=0x000000000272a5bc method=com.android.dx.ssa.SsaRenamer.getLocalForNewReg(I)Lcom/android/dx/rop/code/LocalItem; @ 19
Event: 1.296 Thread 0x000000000a416000 Uncommon trap: reason=null_check action=make_not_entrant pc=0x0000000002730090 method=com.android.dx.rop.type.Type.equals(Ljava/lang/Object;)Z @ 8
Event: 1.507 Thread 0x000000000a2eb000 Uncommon trap: reason=unreached action=reinterpret pc=0x0000000002787c0c method=com.android.dx.rop.code.LocalVariableExtractor.processBlock(I)V @ 195

Internal exceptions (10 events):
Event: 0.568 Thread 0x000000000a397000 Threw 0x00000000eb5af670 at C:\re\jdk7u71\1605\hotspot\src\share\vm\prims\jvm.cpp:1281
Event: 0.569 Thread 0x000000000a397000 Threw 0x00000000eb5b4f10 at C:\re\jdk7u71\1605\hotspot\src\share\vm\prims\jvm.cpp:1281
Event: 0.570 Thread 0x000000000a397000 Threw 0x00000000eb5ba508 at C:\re\jdk7u71\1605\hotspot\src\share\vm\prims\jvm.cpp:1281
Event: 0.579 Thread 0x00000000022fe000 Threw 0x00000000eb6611d0 at C:\re\jdk7u71\1605\hotspot\src\share\vm\prims\jvm.cpp:1281
Event: 0.644 Thread 0x000000000a2eb000 Threw 0x00000000eb921c80 at C:\re\jdk7u71\1605\hotspot\src\share\vm\prims\jvm.cpp:1281
Event: 0.703 Thread 0x000000000a2eb000 Implicit null exception at 0x00000000027123f8 to 0x0000000002712729
Event: 0.739 Thread 0x00000000022fe000 Threw 0x00000000eacf8460 at C:\re\jdk7u71\1605\hotspot\src\share\vm\prims\jvm.cpp:1281
Event: 0.771 Thread 0x000000000a2e9800 Threw 0x00000000eadb88d0 at C:\re\jdk7u71\1605\hotspot\src\share\vm\prims\jvm.cpp:1281
Event: 1.261 Thread 0x000000000a397000 Implicit null exception at 0x00000000027291fe to 0x000000000272a59d
Event: 1.296 Thread 0x000000000a416000 Implicit null exception at 0x000000000272ff92 to 0x0000000002730082

Events (10 events):
Event: 1.198 Thread 0x00000000022fe000 DEOPT UNPACKING pc=0x00000000026c9064 sp=0x000000000268e270 mode 2
Event: 1.261 Thread 0x000000000a397000 Uncommon trap: trap_request=0xfffffff4 fr.pc=0x000000000272a5bc
Event: 1.261 Thread 0x000000000a397000 DEOPT PACKING pc=0x000000000272a5bc sp=0x000000000a09ee90
Event: 1.261 Thread 0x000000000a397000 DEOPT UNPACKING pc=0x00000000026c9064 sp=0x000000000a09ecc8 mode 2
Event: 1.296 Thread 0x000000000a416000 Uncommon trap: trap_request=0xfffffff4 fr.pc=0x0000000002730090
Event: 1.296 Thread 0x000000000a416000 DEOPT PACKING pc=0x0000000002730090 sp=0x000000000ae1e930
Event: 1.296 Thread 0x000000000a416000 DEOPT UNPACKING pc=0x00000000026c9064 sp=0x000000000ae1e8c8 mode 2
Event: 1.507 Thread 0x000000000a2eb000 Uncommon trap: trap_request=0xffffffad fr.pc=0x0000000002787c0c
Event: 1.507 Thread 0x000000000a2eb000 DEOPT PACKING pc=0x0000000002787c0c sp=0x000000000996ead0
Event: 1.507 Thread 0x000000000a2eb000 DEOPT UNPACKING pc=0x00000000026c9064 sp=0x000000000996eaa0 mode 2


Dynamic libraries:
0x000000013fca0000 - 0x000000013fcd3000 	C:\Program Files\Java\jdk1.7.0_71\bin\java.exe
0x0000000077070000 - 0x000000007721b000 	C:\Windows\SYSTEM32\ntdll.dll
0x0000000076f50000 - 0x000000007706f000 	C:\Windows\system32\kernel32.dll
0x000007fefd0c0000 - 0x000007fefd12b000 	C:\Windows\system32\KERNELBASE.dll
0x000007fefe650000 - 0x000007fefe72b000 	C:\Windows\system32\ADVAPI32.dll
0x000007fefef70000 - 0x000007feff00f000 	C:\Windows\system32\msvcrt.dll
0x000007fefd530000 - 0x000007fefd54f000 	C:\Windows\SYSTEM32\sechost.dll
0x000007fefd5c0000 - 0x000007fefd6ee000 	C:\Windows\system32\RPCRT4.dll
0x0000000076e50000 - 0x0000000076f4a000 	C:\Windows\system32\USER32.dll
0x000007fefd550000 - 0x000007fefd5b7000 	C:\Windows\system32\GDI32.dll
0x000007feff010000 - 0x000007feff01e000 	C:\Windows\system32\LPK.dll
0x000007fefeea0000 - 0x000007fefef6a000 	C:\Windows\system32\USP10.dll
0x000007fefb690000 - 0x000007fefb884000 	C:\Windows\WinSxS\amd64_microsoft.windows.common-controls_6595b64144ccf1df_6.0.7600.16385_none_fa645303170382f6\COMCTL32.dll
0x000007feff020000 - 0x000007feff091000 	C:\Windows\system32\SHLWAPI.dll
0x000007fefea00000 - 0x000007fefea2e000 	C:\Windows\system32\IMM32.DLL
0x000007fefd3a0000 - 0x000007fefd4a9000 	C:\Windows\system32\MSCTF.dll
0x000000005fd40000 - 0x000000005fe12000 	C:\Program Files\Java\jdk1.7.0_71\jre\bin\msvcr100.dll
0x0000000058b90000 - 0x0000000059363000 	C:\Program Files\Java\jdk1.7.0_71\jre\bin\server\jvm.dll
0x000007fef5e00000 - 0x000007fef5e09000 	C:\Windows\system32\WSOCK32.dll
0x000007fefe7d0000 - 0x000007fefe81d000 	C:\Windows\system32\WS2_32.dll
0x000007feff220000 - 0x000007feff228000 	C:\Windows\system32\NSI.dll
0x000007fefaa00000 - 0x000007fefaa3b000 	C:\Windows\system32\WINMM.dll
0x0000000077240000 - 0x0000000077247000 	C:\Windows\system32\PSAPI.DLL
0x000000006f130000 - 0x000000006f13f000 	C:\Program Files\Java\jdk1.7.0_71\jre\bin\verify.dll
0x0000000060db0000 - 0x0000000060dd8000 	C:\Program Files\Java\jdk1.7.0_71\jre\bin\java.dll
0x0000000060d90000 - 0x0000000060da5000 	C:\Program Files\Java\jdk1.7.0_71\jre\bin\zip.dll
0x000000006d5b0000 - 0x000000006d5c9000 	C:\Program Files\Java\jdk1.7.0_71\jre\bin\net.dll
0x000007fefc840000 - 0x000007fefc894000 	C:\Windows\system32\mswsock.dll
0x000007fefc830000 - 0x000007fefc837000 	C:\Windows\System32\wship6.dll
0x0000000060d70000 - 0x0000000060d81000 	C:\Program Files\Java\jdk1.7.0_71\jre\bin\nio.dll

VM Arguments:
jvm_args: -Djava.awt.headless=true -Xmx1024M -Dfile.encoding=windows-1251 -Duser.country=RU -Duser.language=ru -Duser.variant 
java_command: com.android.dx.command.Main --dex --force-jumbo --num-threads=4 --multi-dex --output C:\Users\Poltavets\AndroidStudioProjects\PeopleMaps\app\build\intermediates\transforms\dex\debug\folders\1000\10\com.android.support-mediarouter-v7-23.0.0_41912cbaa8270187b275865ba39095d9eef2ff37 C:\Users\Poltavets\AndroidStudioProjects\PeopleMaps\app\build\intermediates\exploded-aar\com.android.support\mediarouter-v7\23.0.0\jars\classes.jar
Launcher Type: SUN_STANDARD

Environment Variables:
JAVA_HOME=C:\Program Files\Java\jdk1.7.0_71
CLASSPATH=.;C:\Program Files (x86)\QuickTime\QTSystem\QTJava.zip
PATH=C:\Program Files (x86)\Embarcadero\Studio\16.0\bin;C:\Users\Public\Documents\Embarcadero\Studio\16.0\Bpl;C:\Program Files (x86)\Embarcadero\Studio\16.0\bin64;C:\Users\Public\Documents\Embarcadero\Studio\16.0\Bpl\Win64;C:\ProgramData\Oracle\Java\javapath;C:\Program Files (x86)\NVIDIA Corporation\PhysX\Common;C:\Windows\system32;C:\Windows;C:\Windows\System32\Wbem;C:\Windows\System32\WindowsPowerShell\v1.0\;C:\Program Files\Microsoft\Web Platform Installer\;C:\Program Files (x86)\Microsoft ASP.NET\ASP.NET Web Pages\v1.0\;C:\Program Files\Microsoft SQL Server\110\Tools\Binn\;C:\Program Files (x86)\Microsoft SQL Server\100\Tools\Binn\;C:\Program Files\Microsoft SQL Server\100\Tools\Binn\;C:\Program Files\Microsoft SQL Server\100\DTS\Binn\;C:\Program Files (x86)\QuickTime\QTSystem\;C:\Program Files (x86)\Skype\Phone\
USERNAME=Poltavets
OS=Windows_NT
PROCESSOR_IDENTIFIER=Intel64 Family 6 Model 37 Stepping 5, GenuineIntel



---------------  S Y S T E M  ---------------

OS: Windows 7 , 64 bit Build 7600 Service Pack 0A, v.1

CPU:total 4 (2 cores per cpu, 2 threads per core) family 6 model 37 stepping 5, cmov, cx8, fxsr, mmx, sse, sse2, sse3, ssse3, sse4.1, sse4.2, popcnt, ht, tsc, tscinvbit

Memory: 4k page, physical 4053864k(407548k free), swap 5300520k(5268k free)

vm_info: Java HotSpot(TM) 64-Bit Server VM (24.71-b01) for windows-amd64 JRE (1.7.0_71-b14), built on Sep 26 2014 16:16:12 by "java_re" with unknown MS VC++:1600

time: Sat May 28 12:40:30 2016
elapsed time: 1 seconds

