#
# There is insufficient memory for the Java Runtime Environment to continue.
# Native memory allocation (malloc) failed to allocate 32744 bytes for ChunkPool::allocate
# Possible reasons:
#   The system is out of physical RAM or swap space
#   In 32 bit mode, the process size limit was hit
# Possible solutions:
#   Reduce memory load on the system
#   Increase physical memory or swap space
#   Check if swap backing store is full
#   Use 64 bit Java on a 64 bit OS
#   Decrease Java heap size (-Xmx/-Xms)
#   Decrease number of Java threads
#   Decrease Java thread stack sizes (-Xss)
#   Set larger code cache with -XX:ReservedCodeCacheSize=
# This output file may be truncated or incomplete.
#
#  Out of Memory Error (allocation.cpp:211), pid=1500, tid=5420
#
# JRE version: Java(TM) SE Runtime Environment (7.0_71-b14) (build 1.7.0_71-b14)
# Java VM: Java HotSpot(TM) 64-Bit Server VM (24.71-b01 mixed mode windows-amd64 compressed oops)
# Failed to write core dump. Minidumps are not enabled by default on client versions of Windows
#

---------------  T H R E A D  ---------------

Current thread (0x00000000021ae000):  JavaThread "main" [_thread_in_vm, id=5420, stack(0x0000000002390000,0x0000000002490000)]

Stack: [0x0000000002390000,0x0000000002490000]
[error occurred during error reporting (printing stack bounds), id 0xc0000005]


[error occurred during error reporting (printing native stack), id 0xc0000005]

Java frames: (J=compiled Java code, j=interpreted, Vv=VM code)
j  com.android.dx.command.Main.main([Ljava/lang/String;)V+61
v  ~StubRoutines::call_stub

---------------  P R O C E S S  ---------------

Java Threads: ( => current thread )
  0x0000000008616800 JavaThread "Service Thread" daemon [_thread_blocked, id=5652, stack(0x0000000009770000,0x0000000009870000)]
  0x000000000860c800 JavaThread "C2 CompilerThread1" daemon [_thread_blocked, id=5272, stack(0x0000000009cf0000,0x0000000009df0000)]
  0x0000000008607000 JavaThread "C2 CompilerThread0" daemon [_thread_blocked, id=6240, stack(0x0000000009e50000,0x0000000009f50000)]
  0x0000000008602000 JavaThread "Attach Listener" daemon [_thread_blocked, id=6496, stack(0x0000000009bf0000,0x0000000009cf0000)]
  0x00000000085fb000 JavaThread "Signal Dispatcher" daemon [_thread_blocked, id=3212, stack(0x0000000009a70000,0x0000000009b70000)]
  0x00000000085ab800 JavaThread "Finalizer" daemon [_thread_blocked, id=2964, stack(0x0000000009540000,0x0000000009640000)]
  0x00000000085a4000 JavaThread "Reference Handler" daemon [_thread_blocked, id=5228, stack(0x00000000098d0000,0x00000000099d0000)]
=>0x00000000021ae000 JavaThread "main" [_thread_in_vm, id=5420, stack(0x0000000002390000,0x0000000002490000)]

Other Threads:
  0x000000000859c800 VMThread [stack: 0x0000000009670000,0x0000000009770000] [id=7104]
  0x000000000861f800 WatcherThread [stack: 0x000000000a380000,0x000000000a480000] [id=6632]

VM state:not at safepoint (normal execution)

VM Mutex/Monitor currently owned by a thread: None

Heap
 PSYoungGen      total 18944K, used 983K [0x00000000eaa80000, 0x00000000ebf80000, 0x0000000100000000)
  eden space 16384K, 6% used [0x00000000eaa80000,0x00000000eab75d50,0x00000000eba80000)
  from space 2560K, 0% used [0x00000000ebd00000,0x00000000ebd00000,0x00000000ebf80000)
  to   space 2560K, 0% used [0x00000000eba80000,0x00000000eba80000,0x00000000ebd00000)
 ParOldGen       total 41984K, used 0K [0x00000000c0000000, 0x00000000c2900000, 0x00000000eaa80000)
  object space 41984K, 0% used [0x00000000c0000000,0x00000000c0000000,0x00000000c2900000)
 PSPermGen       total 21504K, used 2777K [0x00000000bae00000, 0x00000000bc300000, 0x00000000c0000000)
  object space 21504K, 12% used [0x00000000bae00000,0x00000000bb0b6548,0x00000000bc300000)

Card table byte_map: [0x0000000005550000,0x0000000005780000] byte_map_base: 0x0000000004f79000

Polling page: 0x0000000000430000

Code Cache  [0x0000000002490000, 0x0000000002700000, 0x0000000005490000)
 total_blobs=168 nmethods=0 adapters=137 free_code_cache=48772Kb largest_free_block=49943424

Compilation events (0 events):
No events

GC Heap History (0 events):
No events

Deoptimization events (0 events):
No events

Internal exceptions (9 events):
Event: 0.774 Thread 0x00000000021ae000 Threw 0x00000000eaa8f4f0 at C:\re\jdk7u71\1605\hotspot\src\share\vm\prims\jni.cpp:3991
Event: 2.077 Thread 0x00000000021ae000 Threw 0x00000000eaace4d0 at C:\re\jdk7u71\1605\hotspot\src\share\vm\prims\jvm.cpp:1281
Event: 2.654 Thread 0x00000000021ae000 Threw 0x00000000eab31878 at C:\re\jdk7u71\1605\hotspot\src\share\vm\prims\jvm.cpp:1281
Event: 2.690 Thread 0x00000000021ae000 Threw 0x00000000eab358c0 at C:\re\jdk7u71\1605\hotspot\src\share\vm\prims\jvm.cpp:1281
Event: 2.741 Thread 0x00000000021ae000 Threw 0x00000000eab4df10 at C:\re\jdk7u71\1605\hotspot\src\share\vm\prims\jvm.cpp:1281
Event: 2.782 Thread 0x00000000021ae000 Threw 0x00000000eab50f68 at C:\re\jdk7u71\1605\hotspot\src\share\vm\prims\jvm.cpp:1281
Event: 2.813 Thread 0x00000000021ae000 Threw 0x00000000eab53108 at C:\re\jdk7u71\1605\hotspot\src\share\vm\prims\jvm.cpp:1281
Event: 2.816 Thread 0x00000000021ae000 Threw 0x00000000eab550f0 at C:\re\jdk7u71\1605\hotspot\src\share\vm\prims\jvm.cpp:1281
Event: 2.817 Thread 0x00000000021ae000 Threw 0x00000000eab586b0 at C:\re\jdk7u71\1605\hotspot\src\share\vm\prims\jvm.cpp:1281

Events (10 events):
Event: 2.812 loading class 0x0000000009f763d0
Event: 2.812 loading class 0x0000000009f763d0 done
Event: 2.816 loading class 0x0000000009f78e50
Event: 2.816 loading class 0x0000000009f78e50 done
Event: 2.817 loading class 0x0000000009f64dc0
Event: 2.817 loading class 0x0000000009f64dc0 done
Event: 2.841 loading class 0x000000000223ee10
Event: 2.867 loading class 0x000000000223ee10 done
Event: 2.868 loading class 0x0000000009f81120
Event: 2.868 loading class 0x0000000009f81120 done


Dynamic libraries:
0x000000013fca0000 - 0x000000013fcd3000 	C:\Program Files\Java\jdk1.7.0_71\bin\java.exe
0x0000000077070000 - 0x000000007721b000 	C:\Windows\SYSTEM32\ntdll.dll
0x0000000076f50000 - 0x000000007706f000 	C:\Windows\system32\kernel32.dll
0x000007fefd0c0000 - 0x000007fefd12b000 	C:\Windows\system32\KERNELBASE.dll
0x000007fefe650000 - 0x000007fefe72b000 	C:\Windows\system32\ADVAPI32.dll
0x000007fefef70000 - 0x000007feff00f000 	C:\Windows\system32\msvcrt.dll
0x000007fefd530000 - 0x000007fefd54f000 	C:\Windows\SYSTEM32\sechost.dll
0x000007fefd5c0000 - 0x000007fefd6ee000 	C:\Windows\system32\RPCRT4.dll
0x0000000076e50000 - 0x0000000076f4a000 	C:\Windows\system32\USER32.dll
0x000007fefd550000 - 0x000007fefd5b7000 	C:\Windows\system32\GDI32.dll
0x000007feff010000 - 0x000007feff01e000 	C:\Windows\system32\LPK.dll
0x000007fefeea0000 - 0x000007fefef6a000 	C:\Windows\system32\USP10.dll
0x000007fefb690000 - 0x000007fefb884000 	C:\Windows\WinSxS\amd64_microsoft.windows.common-controls_6595b64144ccf1df_6.0.7600.16385_none_fa645303170382f6\COMCTL32.dll
0x000007feff020000 - 0x000007feff091000 	C:\Windows\system32\SHLWAPI.dll
0x000007fefea00000 - 0x000007fefea2e000 	C:\Windows\system32\IMM32.DLL
0x000007fefd3a0000 - 0x000007fefd4a9000 	C:\Windows\system32\MSCTF.dll
0x000000005fd40000 - 0x000000005fe12000 	C:\Program Files\Java\jdk1.7.0_71\jre\bin\msvcr100.dll
0x0000000058b90000 - 0x0000000059363000 	C:\Program Files\Java\jdk1.7.0_71\jre\bin\server\jvm.dll
0x000007fef5e00000 - 0x000007fef5e09000 	C:\Windows\system32\WSOCK32.dll
0x000007fefe7d0000 - 0x000007fefe81d000 	C:\Windows\system32\WS2_32.dll
0x000007feff220000 - 0x000007feff228000 	C:\Windows\system32\NSI.dll
0x000007fefaa00000 - 0x000007fefaa3b000 	C:\Windows\system32\WINMM.dll
0x0000000077240000 - 0x0000000077247000 	C:\Windows\system32\PSAPI.DLL
0x000000006f130000 - 0x000000006f13f000 	C:\Program Files\Java\jdk1.7.0_71\jre\bin\verify.dll
0x0000000060db0000 - 0x0000000060dd8000 	C:\Program Files\Java\jdk1.7.0_71\jre\bin\java.dll
0x0000000060d90000 - 0x0000000060da5000 	C:\Program Files\Java\jdk1.7.0_71\jre\bin\zip.dll

VM Arguments:
jvm_args: -Djava.awt.headless=true -Xmx1024M -Dfile.encoding=windows-1251 -Duser.country=RU -Duser.language=ru -Duser.variant 
java_command: com.android.dx.command.Main --dex --force-jumbo --num-threads=4 --multi-dex --output C:\Users\Poltavets\AndroidStudioProjects\PeopleMaps\app\build\intermediates\transforms\dex\debug\folders\1000\10\com.google.android.gms-play-services-analytics-9.0.0_4e6453416a8f797546cbe8c09aa510e9a3f5d8bb C:\Users\Poltavets\AndroidStudioProjects\PeopleMaps\app\build\intermediates\exploded-aar\com.google.android.gms\play-services-analytics\9.0.0\jars\classes.jar
Launcher Type: SUN_STANDARD

Environment Variables:
JAVA_HOME=C:\Program Files\Java\jdk1.7.0_71
CLASSPATH=.;C:\Program Files (x86)\QuickTime\QTSystem\QTJava.zip
PATH=C:\Program Files (x86)\Embarcadero\Studio\16.0\bin;C:\Users\Public\Documents\Embarcadero\Studio\16.0\Bpl;C:\Program Files (x86)\Embarcadero\Studio\16.0\bin64;C:\Users\Public\Documents\Embarcadero\Studio\16.0\Bpl\Win64;C:\ProgramData\Oracle\Java\javapath;C:\Program Files (x86)\NVIDIA Corporation\PhysX\Common;C:\Windows\system32;C:\Windows;C:\Windows\System32\Wbem;C:\Windows\System32\WindowsPowerShell\v1.0\;C:\Program Files\Microsoft\Web Platform Installer\;C:\Program Files (x86)\Microsoft ASP.NET\ASP.NET Web Pages\v1.0\;C:\Program Files\Microsoft SQL Server\110\Tools\Binn\;C:\Program Files (x86)\Microsoft SQL Server\100\Tools\Binn\;C:\Program Files\Microsoft SQL Server\100\Tools\Binn\;C:\Program Files\Microsoft SQL Server\100\DTS\Binn\;C:\Program Files (x86)\QuickTime\QTSystem\;C:\Program Files (x86)\Skype\Phone\
USERNAME=Poltavets
OS=Windows_NT
PROCESSOR_IDENTIFIER=Intel64 Family 6 Model 37 Stepping 5, GenuineIntel



---------------  S Y S T E M  ---------------

OS: Windows 7 , 64 bit Build 7600 Service Pack 0A, v.1

CPU:total 4 (2 cores per cpu, 2 threads per core) family 6 model 37 stepping 5, cmov, cx8, fxsr, mmx, sse, sse2, sse3, ssse3, sse4.1, sse4.2, popcnt, ht, tsc, tscinvbit

Memory: 4k page, physical 4053864k(372376k free), swap 5300520k(8492k free)

vm_info: Java HotSpot(TM) 64-Bit Server VM (24.71-b01) for windows-amd64 JRE (1.7.0_71-b14), built on Sep 26 2014 16:16:12 by "java_re" with unknown MS VC++:1600

time: Sat May 28 12:50:07 2016
elapsed time: 3 seconds

